[2024-07-13 10:41:56+05:30] [SUCCESS] Server Started At Port 4000
[2024-07-13 10:41:56+05:30] [SUCCESS] Connected With Database Server...
[2024-07-13 10:58:26+05:30] [SUCCESS] Server Started At Port 4000
[2024-07-13 10:58:26+05:30] [SUCCESS] Connected With Database Server...
[2024-07-13 10:58:33+05:30] [INFO] Incoming Reqeust : GET --> /
[2024-07-13 10:58:40+05:30] [INFO] Incoming Reqeust : GET --> /login
[2024-07-13 10:58:50+05:30] [SUCCESS] Server Started At Port 4000
[2024-07-13 10:58:50+05:30] [SUCCESS] Connected With Database Server...
[2024-07-13 10:58:51+05:30] [SUCCESS] Server Started At Port 4000
[2024-07-13 10:58:51+05:30] [SUCCESS] Connected With Database Server...
[2024-07-13 10:58:52+05:30] [SUCCESS] Server Started At Port 4000
[2024-07-13 10:58:52+05:30] [SUCCESS] Connected With Database Server...
[2024-07-13 10:58:54+05:30] [INFO] Incoming Reqeust : GET --> /login
[2024-07-13 10:58:54+05:30] [INFO] Incoming Reqeust : GET --> /favicon.ico
[2024-07-13 10:58:58+05:30] [INFO] Incoming Reqeust : GET --> /dashboard
[2024-07-13 10:59:01+05:30] [INFO] Incoming Reqeust : GET --> /about
[2024-07-13 11:00:25+05:30] [INFO] Incoming Reqeust : GET --> /
[2024-07-13 11:00:46+05:30] [SUCCESS] Server Started At Port 4000
[2024-07-13 11:00:46+05:30] [SUCCESS] Connected With Database Server...
[2024-07-13 11:00:50+05:30] [INFO] Incoming Reqeust : GET --> /
[2024-07-13 11:00:53+05:30] [INFO] Incoming Reqeust : GET --> /dashboard
[2024-07-13 11:00:56+05:30] [INFO] Incoming Reqeust : GET --> /about
[2024-07-13 11:00:57+05:30] [INFO] Incoming Reqeust : GET --> /dashboard
[2024-07-13 11:00:57+05:30] [INFO] Incoming Reqeust : GET --> /login
[2024-07-13 11:00:58+05:30] [INFO] Incoming Reqeust : GET --> /dashboard
[2024-07-13 11:00:58+05:30] [INFO] Incoming Reqeust : GET --> /about
[2024-07-13 11:01:01+05:30] [INFO] Incoming Reqeust : GET --> /login
[2024-07-13 11:01:01+05:30] [INFO] Incoming Reqeust : GET --> /dashboard
[2024-07-13 11:01:01+05:30] [INFO] Incoming Reqeust : GET --> /about
[2024-07-13 11:01:02+05:30] [INFO] Incoming Reqeust : GET --> /dashboard
[2024-07-13 11:01:02+05:30] [INFO] Incoming Reqeust : GET --> /login
[2024-07-13 11:01:03+05:30] [INFO] Incoming Reqeust : GET --> /dashboard
[2024-07-13 11:01:03+05:30] [INFO] Incoming Reqeust : GET --> /about
[2024-07-13 11:01:04+05:30] [INFO] Incoming Reqeust : GET --> /dashboard
[2024-07-13 11:01:04+05:30] [INFO] Incoming Reqeust : GET --> /login
[2024-07-13 11:01:04+05:30] [INFO] Incoming Reqeust : GET --> /dashboard
[2024-07-13 11:01:05+05:30] [INFO] Incoming Reqeust : GET --> /about
[2024-07-13 11:01:20+05:30] [INFO] Incoming Reqeust : GET --> /about
[2024-07-13 11:01:24+05:30] [SUCCESS] Server Started At Port 4000
[2024-07-13 11:01:24+05:30] [SUCCESS] Connected With Database Server...
[2024-07-13 11:01:25+05:30] [INFO] Incoming Reqeust : GET --> /about
[2024-07-13 11:01:27+05:30] [INFO] Incoming Reqeust : GET --> /
[2024-07-13 11:01:28+05:30] [INFO] Incoming Reqeust : GET --> /
[2024-07-13 11:01:28+05:30] [INFO] Incoming Reqeust : GET --> /
[2024-07-13 11:01:28+05:30] [INFO] Incoming Reqeust : GET --> /
[2024-07-13 11:01:29+05:30] [INFO] Incoming Reqeust : GET --> /
[2024-07-13 11:01:29+05:30] [INFO] Incoming Reqeust : GET --> /login
[2024-07-13 11:01:30+05:30] [INFO] Incoming Reqeust : GET --> /dashboard
[2024-07-13 11:01:31+05:30] [INFO] Incoming Reqeust : GET --> /about
[2024-07-13 11:01:32+05:30] [INFO] Incoming Reqeust : GET --> /dashboard
[2024-07-13 11:01:33+05:30] [INFO] Incoming Reqeust : GET --> /login
[2024-07-13 11:01:34+05:30] [INFO] Incoming Reqeust : GET --> /
[2024-07-13 11:20:47+05:30] [SUCCESS] Server Started At Port 4000
[2024-07-13 11:20:47+05:30] [SUCCESS] Connected With Database Server...
[2024-07-13 11:20:55+05:30] [INFO] Incoming Reqeust : GET --> /
[2024-07-13 11:20:55+05:30] [INFO] Unauthorized Reqeust : GET --> / --> No Token Found 
[2024-07-13 11:20:55+05:30] [INFO] Incoming Reqeust : GET --> /favicon.ico
[2024-07-13 11:20:55+05:30] [INFO] Unauthorized Reqeust : GET --> /favicon.ico --> No Token Found 
[2024-07-13 11:21:01+05:30] [INFO] Incoming Reqeust : GET --> /dashboard
[2024-07-13 11:21:01+05:30] [INFO] Unauthorized Reqeust : GET --> /dashboard --> No Token Found 
[2024-07-13 11:21:01+05:30] [INFO] Incoming Reqeust : GET --> /login
[2024-07-13 11:21:01+05:30] [INFO] Unauthorized Reqeust : GET --> /login --> No Token Found 
[2024-07-13 11:21:06+05:30] [INFO] Incoming Reqeust : GET --> /about
[2024-07-13 11:21:06+05:30] [INFO] Unauthorized Reqeust : GET --> /about --> No Token Found 
[2024-07-13 11:21:07+05:30] [INFO] Incoming Reqeust : GET --> /login
[2024-07-13 11:21:07+05:30] [INFO] Unauthorized Reqeust : GET --> /login --> No Token Found 
[2024-07-13 11:21:09+05:30] [INFO] Incoming Reqeust : GET --> /
[2024-07-13 11:21:09+05:30] [INFO] Unauthorized Reqeust : GET --> / --> No Token Found 
[2024-07-13 11:23:11+05:30] [SUCCESS] Server Started At Port 4000
[2024-07-13 11:23:11+05:30] [SUCCESS] Connected With Database Server...
[2024-07-13 11:23:13+05:30] [INFO] Incoming Reqeust : GET --> /
[2024-07-13 11:23:13+05:30] [INFO] Unauthorized Reqeust : GET --> / --> No Token Found 
[2024-07-13 11:23:15+05:30] [INFO] Incoming Reqeust : GET --> /login
[2024-07-13 11:23:15+05:30] [INFO] Unauthorized Reqeust : GET --> /login --> No Token Found 
[2024-07-13 11:23:18+05:30] [INFO] Incoming Reqeust : GET --> /login
[2024-07-13 11:23:18+05:30] [INFO] Unauthorized Reqeust : GET --> /login --> No Token Found 
[2024-07-13 11:23:18+05:30] [INFO] Incoming Reqeust : GET --> /login
[2024-07-13 11:23:18+05:30] [INFO] Unauthorized Reqeust : GET --> /login --> No Token Found 
[2024-07-13 11:23:18+05:30] [INFO] Incoming Reqeust : GET --> /login
[2024-07-13 11:23:18+05:30] [INFO] Unauthorized Reqeust : GET --> /login --> No Token Found 
[2024-07-13 11:23:19+05:30] [INFO] Incoming Reqeust : GET --> /login
[2024-07-13 11:23:19+05:30] [INFO] Unauthorized Reqeust : GET --> /login --> No Token Found 
[2024-07-13 11:23:19+05:30] [INFO] Incoming Reqeust : GET --> /login
[2024-07-13 11:23:19+05:30] [INFO] Unauthorized Reqeust : GET --> /login --> No Token Found 
[2024-07-13 11:23:19+05:30] [INFO] Incoming Reqeust : GET --> /login
[2024-07-13 11:23:19+05:30] [INFO] Unauthorized Reqeust : GET --> /login --> No Token Found 
[2024-07-13 11:23:19+05:30] [INFO] Incoming Reqeust : GET --> /login
[2024-07-13 11:23:19+05:30] [INFO] Unauthorized Reqeust : GET --> /login --> No Token Found 
[2024-07-13 11:23:20+05:30] [INFO] Incoming Reqeust : GET --> /login
[2024-07-13 11:23:20+05:30] [INFO] Unauthorized Reqeust : GET --> /login --> No Token Found 
[2024-07-13 11:23:20+05:30] [INFO] Incoming Reqeust : GET --> /login
[2024-07-13 11:23:20+05:30] [INFO] Unauthorized Reqeust : GET --> /login --> No Token Found 
[2024-07-13 11:23:20+05:30] [INFO] Incoming Reqeust : GET --> /login
[2024-07-13 11:23:20+05:30] [INFO] Unauthorized Reqeust : GET --> /login --> No Token Found 
[2024-07-13 11:23:20+05:30] [INFO] Incoming Reqeust : GET --> /login
[2024-07-13 11:23:20+05:30] [INFO] Unauthorized Reqeust : GET --> /login --> No Token Found 
[2024-07-13 11:23:20+05:30] [INFO] Incoming Reqeust : GET --> /login
[2024-07-13 11:23:20+05:30] [INFO] Unauthorized Reqeust : GET --> /login --> No Token Found 
[2024-07-13 11:23:20+05:30] [INFO] Incoming Reqeust : GET --> /login
[2024-07-13 11:23:20+05:30] [INFO] Unauthorized Reqeust : GET --> /login --> No Token Found 
[2024-07-13 11:24:02+05:30] [SUCCESS] Server Started At Port 4000
[2024-07-13 11:24:02+05:30] [SUCCESS] Connected With Database Server...
[2024-07-13 11:24:04+05:30] [SUCCESS] Server Started At Port 4000
[2024-07-13 11:24:04+05:30] [SUCCESS] Connected With Database Server...
[2024-07-13 11:24:47+05:30] [SUCCESS] Server Started At Port 4000
[2024-07-13 11:24:47+05:30] [SUCCESS] Connected With Database Server...
[2024-07-13 11:24:49+05:30] [SUCCESS] Server Started At Port 4000
[2024-07-13 11:24:49+05:30] [SUCCESS] Connected With Database Server...
[2024-07-13 11:25:02+05:30] [INFO] Incoming Reqeust : GET --> /login
[2024-07-13 11:25:02+05:30] [INFO] Unauthorized Reqeust : GET --> /login --> No Token Found 
[2024-07-13 11:25:02+05:30] [INFO] Incoming Reqeust : GET --> /js/login.js
[2024-07-13 11:25:16+05:30] [SUCCESS] Server Started At Port 4000
[2024-07-13 11:25:16+05:30] [SUCCESS] Connected With Database Server...
[2024-07-13 11:25:17+05:30] [SUCCESS] Server Started At Port 4000
[2024-07-13 11:25:17+05:30] [SUCCESS] Connected With Database Server...
[2024-07-13 11:26:00+05:30] [SUCCESS] Server Started At Port 4000
[2024-07-13 11:26:00+05:30] [SUCCESS] Connected With Database Server...
[2024-07-13 11:26:01+05:30] [SUCCESS] Server Started At Port 4000
[2024-07-13 11:26:01+05:30] [SUCCESS] Connected With Database Server...
[2024-07-13 11:26:02+05:30] [SUCCESS] Server Started At Port 4000
[2024-07-13 11:26:02+05:30] [SUCCESS] Connected With Database Server...
[2024-07-13 11:26:05+05:30] [SUCCESS] Server Started At Port 4000
[2024-07-13 11:26:05+05:30] [SUCCESS] Connected With Database Server...
[2024-07-13 11:26:06+05:30] [SUCCESS] Server Started At Port 4000
[2024-07-13 11:26:06+05:30] [SUCCESS] Connected With Database Server...
[2024-07-13 11:26:07+05:30] [SUCCESS] Server Started At Port 4000
[2024-07-13 11:26:07+05:30] [SUCCESS] Connected With Database Server...
[2024-07-13 11:26:08+05:30] [SUCCESS] Server Started At Port 4000
[2024-07-13 11:26:08+05:30] [SUCCESS] Connected With Database Server...
[2024-07-13 11:26:09+05:30] [SUCCESS] Server Started At Port 4000
[2024-07-13 11:26:09+05:30] [SUCCESS] Connected With Database Server...
[2024-07-13 11:26:10+05:30] [SUCCESS] Server Started At Port 4000
[2024-07-13 11:26:10+05:30] [SUCCESS] Connected With Database Server...
[2024-07-13 11:26:14+05:30] [SUCCESS] Server Started At Port 4000
[2024-07-13 11:26:14+05:30] [SUCCESS] Connected With Database Server...
[2024-07-13 11:26:15+05:30] [SUCCESS] Server Started At Port 4000
[2024-07-13 11:26:15+05:30] [SUCCESS] Connected With Database Server...
[2024-07-13 11:26:16+05:30] [SUCCESS] Server Started At Port 4000
[2024-07-13 11:26:16+05:30] [SUCCESS] Connected With Database Server...
[2024-07-13 11:26:17+05:30] [SUCCESS] Server Started At Port 4000
[2024-07-13 11:26:17+05:30] [SUCCESS] Connected With Database Server...
[2024-07-13 11:26:19+05:30] [SUCCESS] Server Started At Port 4000
[2024-07-13 11:26:19+05:30] [SUCCESS] Connected With Database Server...
[2024-07-13 11:26:47+05:30] [SUCCESS] Server Started At Port 4000
[2024-07-13 11:26:47+05:30] [SUCCESS] Connected With Database Server...
[2024-07-13 11:26:48+05:30] [SUCCESS] Server Started At Port 4000
[2024-07-13 11:26:48+05:30] [SUCCESS] Connected With Database Server...
[2024-07-13 11:26:49+05:30] [SUCCESS] Server Started At Port 4000
[2024-07-13 11:26:49+05:30] [SUCCESS] Connected With Database Server...
[2024-07-13 11:26:51+05:30] [SUCCESS] Server Started At Port 4000
[2024-07-13 11:26:51+05:30] [SUCCESS] Connected With Database Server...
[2024-07-13 11:26:53+05:30] [SUCCESS] Server Started At Port 4000
[2024-07-13 11:26:53+05:30] [SUCCESS] Connected With Database Server...
[2024-07-13 11:26:54+05:30] [SUCCESS] Server Started At Port 4000
[2024-07-13 11:26:54+05:30] [SUCCESS] Connected With Database Server...
[2024-07-13 11:27:08+05:30] [SUCCESS] Server Started At Port 4000
[2024-07-13 11:27:08+05:30] [SUCCESS] Connected With Database Server...
[2024-07-13 11:27:10+05:30] [SUCCESS] Server Started At Port 4000
[2024-07-13 11:27:10+05:30] [SUCCESS] Connected With Database Server...
[2024-07-13 11:27:11+05:30] [SUCCESS] Server Started At Port 4000
[2024-07-13 11:27:12+05:30] [SUCCESS] Connected With Database Server...
[2024-07-13 11:27:13+05:30] [SUCCESS] Server Started At Port 4000
[2024-07-13 11:27:13+05:30] [SUCCESS] Connected With Database Server...
[2024-07-13 11:27:15+05:30] [SUCCESS] Server Started At Port 4000
[2024-07-13 11:27:15+05:30] [SUCCESS] Connected With Database Server...
[2024-07-13 11:27:16+05:30] [SUCCESS] Server Started At Port 4000
[2024-07-13 11:27:16+05:30] [SUCCESS] Connected With Database Server...
[2024-07-13 11:27:17+05:30] [SUCCESS] Server Started At Port 4000
[2024-07-13 11:27:17+05:30] [SUCCESS] Connected With Database Server...
[2024-07-13 11:27:18+05:30] [SUCCESS] Server Started At Port 4000
[2024-07-13 11:27:18+05:30] [SUCCESS] Connected With Database Server...
[2024-07-13 11:27:21+05:30] [SUCCESS] Server Started At Port 4000
[2024-07-13 11:27:21+05:30] [SUCCESS] Connected With Database Server...
[2024-07-13 11:27:23+05:30] [SUCCESS] Server Started At Port 4000
[2024-07-13 11:27:23+05:30] [SUCCESS] Connected With Database Server...
[2024-07-13 11:27:26+05:30] [SUCCESS] Server Started At Port 4000
[2024-07-13 11:27:26+05:30] [SUCCESS] Connected With Database Server...
[2024-07-13 11:27:30+05:30] [SUCCESS] Server Started At Port 4000
[2024-07-13 11:27:30+05:30] [SUCCESS] Connected With Database Server...
[2024-07-13 11:27:35+05:30] [SUCCESS] Server Started At Port 4000
[2024-07-13 11:27:35+05:30] [SUCCESS] Connected With Database Server...
[2024-07-13 11:27:37+05:30] [SUCCESS] Server Started At Port 4000
[2024-07-13 11:27:37+05:30] [SUCCESS] Connected With Database Server...
[2024-07-13 11:27:40+05:30] [SUCCESS] Server Started At Port 4000
[2024-07-13 11:27:40+05:30] [SUCCESS] Connected With Database Server...
[2024-07-13 11:27:41+05:30] [SUCCESS] Server Started At Port 4000
[2024-07-13 11:27:41+05:30] [SUCCESS] Connected With Database Server...
[2024-07-13 11:27:42+05:30] [SUCCESS] Server Started At Port 4000
[2024-07-13 11:27:42+05:30] [SUCCESS] Connected With Database Server...
[2024-07-13 11:27:44+05:30] [SUCCESS] Server Started At Port 4000
[2024-07-13 11:27:44+05:30] [SUCCESS] Connected With Database Server...
[2024-07-13 11:27:47+05:30] [INFO] Incoming Reqeust : GET --> /login
[2024-07-13 11:27:47+05:30] [INFO] Unauthorized Reqeust : GET --> /login --> No Token Found 
[2024-07-13 11:27:47+05:30] [INFO] Incoming Reqeust : GET --> /js/login.js
[2024-07-13 11:27:56+05:30] [SUCCESS] Server Started At Port 4000
[2024-07-13 11:27:56+05:30] [SUCCESS] Connected With Database Server...
[2024-07-13 11:27:58+05:30] [SUCCESS] Server Started At Port 4000
[2024-07-13 11:27:58+05:30] [SUCCESS] Connected With Database Server...
[2024-07-13 11:28:33+05:30] [SUCCESS] Server Started At Port 4000
[2024-07-13 11:28:33+05:30] [SUCCESS] Connected With Database Server...
[2024-07-13 11:28:38+05:30] [SUCCESS] Server Started At Port 4000
[2024-07-13 11:28:38+05:30] [SUCCESS] Connected With Database Server...
[2024-07-13 11:28:41+05:30] [SUCCESS] Server Started At Port 4000
[2024-07-13 11:28:41+05:30] [SUCCESS] Connected With Database Server...
[2024-07-13 11:28:46+05:30] [SUCCESS] Server Started At Port 4000
[2024-07-13 11:28:46+05:30] [SUCCESS] Connected With Database Server...
[2024-07-13 11:28:48+05:30] [SUCCESS] Server Started At Port 4000
[2024-07-13 11:28:48+05:30] [SUCCESS] Connected With Database Server...
[2024-07-13 11:28:52+05:30] [SUCCESS] Server Started At Port 4000
[2024-07-13 11:28:52+05:30] [SUCCESS] Connected With Database Server...
[2024-07-13 11:28:53+05:30] [SUCCESS] Server Started At Port 4000
[2024-07-13 11:28:53+05:30] [SUCCESS] Connected With Database Server...
[2024-07-13 11:28:54+05:30] [SUCCESS] Server Started At Port 4000
[2024-07-13 11:28:54+05:30] [SUCCESS] Connected With Database Server...
[2024-07-13 11:28:55+05:30] [SUCCESS] Server Started At Port 4000
[2024-07-13 11:28:55+05:30] [SUCCESS] Connected With Database Server...
[2024-07-13 11:28:56+05:30] [SUCCESS] Server Started At Port 4000
[2024-07-13 11:28:56+05:30] [SUCCESS] Connected With Database Server...
[2024-07-13 11:29:56+05:30] [SUCCESS] Server Started At Port 4000
[2024-07-13 11:29:56+05:30] [SUCCESS] Connected With Database Server...
[2024-07-13 11:30:00+05:30] [SUCCESS] Server Started At Port 4000
[2024-07-13 11:30:00+05:30] [SUCCESS] Server Started At Port 4000
[2024-07-13 11:30:00+05:30] [SUCCESS] Connected With Database Server...
[2024-07-13 11:30:02+05:30] [SUCCESS] Server Started At Port 4000
[2024-07-13 11:30:02+05:30] [SUCCESS] Connected With Database Server...
[2024-07-13 11:32:02+05:30] [SUCCESS] Server Started At Port 4000
[2024-07-13 11:32:02+05:30] [SUCCESS] Connected With Database Server...
[2024-07-13 11:32:12+05:30] [INFO] Incoming Reqeust : GET --> /dashboard
[2024-07-13 11:32:12+05:30] [INFO] Unauthorized Reqeust : GET --> /dashboard --> No Token Found 
[2024-07-13 11:32:12+05:30] [INFO] Incoming Reqeust : GET --> /login
[2024-07-13 11:32:12+05:30] [INFO] Unauthorized Reqeust : GET --> /login --> No Token Found 
[2024-07-13 11:32:12+05:30] [INFO] Incoming Reqeust : GET --> /js/login.js
[2024-07-13 11:32:16+05:30] [INFO] Incoming Reqeust : POST --> /api/auth
[2024-07-13 11:32:25+05:30] [SUCCESS] Server Started At Port 4000
[2024-07-13 11:32:25+05:30] [SUCCESS] Connected With Database Server...
[2024-07-13 11:32:28+05:30] [INFO] Incoming Reqeust : GET --> /
[2024-07-13 11:32:28+05:30] [INFO] Unauthorized Reqeust : GET --> / --> No Token Found 
[2024-07-13 11:32:29+05:30] [INFO] Incoming Reqeust : GET --> /dashboard
[2024-07-13 11:32:29+05:30] [INFO] Unauthorized Reqeust : GET --> /dashboard --> No Token Found 
[2024-07-13 11:32:29+05:30] [INFO] Incoming Reqeust : GET --> /login
[2024-07-13 11:32:30+05:30] [INFO] Unauthorized Reqeust : GET --> /login --> No Token Found 
[2024-07-13 11:32:30+05:30] [INFO] Incoming Reqeust : GET --> /js/login.js
[2024-07-13 11:32:31+05:30] [INFO] Incoming Reqeust : POST --> /api/auth
[2024-07-13 11:33:00+05:30] [SUCCESS] Server Started At Port 4000
[2024-07-13 11:33:00+05:30] [SUCCESS] Connected With Database Server...
[2024-07-13 11:33:02+05:30] [SUCCESS] Server Started At Port 4000
[2024-07-13 11:33:02+05:30] [SUCCESS] Connected With Database Server...
[2024-07-13 11:33:04+05:30] [SUCCESS] Server Started At Port 4000
[2024-07-13 11:33:05+05:30] [SUCCESS] Connected With Database Server...
[2024-07-13 11:33:07+05:30] [INFO] Incoming Reqeust : GET --> /login
[2024-07-13 11:33:07+05:30] [INFO] Unauthorized Reqeust : GET --> /login --> No Token Found 
[2024-07-13 11:33:07+05:30] [INFO] Incoming Reqeust : GET --> /js/login.js
[2024-07-13 11:33:08+05:30] [INFO] Incoming Reqeust : POST --> /api/auth
[2024-07-13 11:33:44+05:30] [INFO] Incoming Reqeust : POST --> /api/auth
[2024-07-13 11:34:06+05:30] [INFO] Incoming Reqeust : GET --> /login
[2024-07-13 11:34:06+05:30] [INFO] Unauthorized Reqeust : GET --> /login --> No Token Found 
[2024-07-13 11:34:06+05:30] [INFO] Incoming Reqeust : GET --> /js/login.js
[2024-07-13 11:34:18+05:30] [INFO] Incoming Reqeust : GET --> /login
[2024-07-13 11:34:18+05:30] [INFO] Unauthorized Reqeust : GET --> /login --> No Token Found 
[2024-07-13 11:34:18+05:30] [INFO] Incoming Reqeust : GET --> /js/login.js
[2024-07-13 11:34:25+05:30] [INFO] Incoming Reqeust : POST --> /api/auth
[2024-07-13 11:34:25+05:30] [INFO] Incoming Reqeust : GET --> /dashboard
[2024-07-13 11:34:25+05:30] [INFO] Authorized Reqeust : GET --> /dashboard --> undefined 
[2024-07-13 11:34:25+05:30] [INFO] Incoming Reqeust : GET --> /login
[2024-07-13 11:34:25+05:30] [INFO] Authorized Reqeust : GET --> /login --> undefined 
[2024-07-13 11:34:25+05:30] [INFO] Incoming Reqeust : GET --> /login
[2024-07-13 11:34:25+05:30] [INFO] Authorized Reqeust : GET --> /login --> undefined 
[2024-07-13 11:34:25+05:30] [INFO] Incoming Reqeust : GET --> /dashboard
[2024-07-13 11:34:25+05:30] [INFO] Authorized Reqeust : GET --> /dashboard --> undefined 
[2024-07-13 11:34:25+05:30] [INFO] Incoming Reqeust : GET --> /dashboard
[2024-07-13 11:34:25+05:30] [INFO] Authorized Reqeust : GET --> /dashboard --> undefined 
[2024-07-13 11:34:25+05:30] [INFO] Incoming Reqeust : GET --> /login
[2024-07-13 11:34:25+05:30] [INFO] Authorized Reqeust : GET --> /login --> undefined 
[2024-07-13 11:34:25+05:30] [INFO] Incoming Reqeust : GET --> /dashboard
[2024-07-13 11:34:25+05:30] [INFO] Authorized Reqeust : GET --> /dashboard --> undefined 
[2024-07-13 11:34:25+05:30] [INFO] Incoming Reqeust : GET --> /login
[2024-07-13 11:34:25+05:30] [INFO] Authorized Reqeust : GET --> /login --> undefined 
[2024-07-13 11:34:25+05:30] [INFO] Incoming Reqeust : GET --> /dashboard
[2024-07-13 11:34:25+05:30] [INFO] Authorized Reqeust : GET --> /dashboard --> undefined 
[2024-07-13 11:34:25+05:30] [INFO] Incoming Reqeust : GET --> /login
[2024-07-13 11:34:25+05:30] [INFO] Authorized Reqeust : GET --> /login --> undefined 
[2024-07-13 11:34:25+05:30] [INFO] Incoming Reqeust : GET --> /dashboard
[2024-07-13 11:34:25+05:30] [INFO] Authorized Reqeust : GET --> /dashboard --> undefined 
[2024-07-13 11:34:25+05:30] [INFO] Incoming Reqeust : GET --> /login
[2024-07-13 11:34:25+05:30] [INFO] Authorized Reqeust : GET --> /login --> undefined 
[2024-07-13 11:34:25+05:30] [INFO] Incoming Reqeust : GET --> /dashboard
[2024-07-13 11:34:25+05:30] [INFO] Authorized Reqeust : GET --> /dashboard --> undefined 
[2024-07-13 11:34:25+05:30] [INFO] Incoming Reqeust : GET --> /login
[2024-07-13 11:34:25+05:30] [INFO] Authorized Reqeust : GET --> /login --> undefined 
[2024-07-13 11:34:25+05:30] [INFO] Incoming Reqeust : GET --> /dashboard
[2024-07-13 11:34:25+05:30] [INFO] Authorized Reqeust : GET --> /dashboard --> undefined 
[2024-07-13 11:34:25+05:30] [INFO] Incoming Reqeust : GET --> /login
[2024-07-13 11:34:25+05:30] [INFO] Authorized Reqeust : GET --> /login --> undefined 
[2024-07-13 11:34:25+05:30] [INFO] Incoming Reqeust : GET --> /dashboard
[2024-07-13 11:34:25+05:30] [INFO] Authorized Reqeust : GET --> /dashboard --> undefined 
[2024-07-13 11:34:25+05:30] [INFO] Incoming Reqeust : GET --> /login
[2024-07-13 11:34:25+05:30] [INFO] Authorized Reqeust : GET --> /login --> undefined 
[2024-07-13 11:34:25+05:30] [INFO] Incoming Reqeust : GET --> /dashboard
[2024-07-13 11:34:25+05:30] [INFO] Authorized Reqeust : GET --> /dashboard --> undefined 
[2024-07-13 11:34:25+05:30] [INFO] Incoming Reqeust : GET --> /login
[2024-07-13 11:34:25+05:30] [INFO] Authorized Reqeust : GET --> /login --> undefined 
[2024-07-13 11:34:25+05:30] [INFO] Incoming Reqeust : GET --> /dashboard
[2024-07-13 11:34:25+05:30] [INFO] Authorized Reqeust : GET --> /dashboard --> undefined 
[2024-07-13 11:34:25+05:30] [INFO] Incoming Reqeust : GET --> /login
[2024-07-13 11:34:25+05:30] [INFO] Authorized Reqeust : GET --> /login --> undefined 
[2024-07-13 11:34:26+05:30] [INFO] Incoming Reqeust : GET --> /login
[2024-07-13 11:34:26+05:30] [INFO] Authorized Reqeust : GET --> /login --> undefined 
[2024-07-13 11:34:26+05:30] [INFO] Incoming Reqeust : GET --> /dashboard
[2024-07-13 11:34:26+05:30] [INFO] Authorized Reqeust : GET --> /dashboard --> undefined 
[2024-07-13 11:34:26+05:30] [INFO] Incoming Reqeust : GET --> /login
[2024-07-13 11:34:26+05:30] [INFO] Authorized Reqeust : GET --> /login --> undefined 
[2024-07-13 11:34:26+05:30] [INFO] Incoming Reqeust : GET --> /dashboard
[2024-07-13 11:34:26+05:30] [INFO] Authorized Reqeust : GET --> /dashboard --> undefined 
[2024-07-13 11:34:26+05:30] [INFO] Incoming Reqeust : GET --> /login
[2024-07-13 11:34:26+05:30] [INFO] Authorized Reqeust : GET --> /login --> undefined 
[2024-07-13 11:34:27+05:30] [INFO] Incoming Reqeust : GET --> /dashboard
[2024-07-13 11:34:27+05:30] [INFO] Authorized Reqeust : GET --> /dashboard --> undefined 
[2024-07-13 11:34:27+05:30] [INFO] Incoming Reqeust : GET --> /login
[2024-07-13 11:34:27+05:30] [INFO] Authorized Reqeust : GET --> /login --> undefined 
[2024-07-13 11:34:27+05:30] [INFO] Incoming Reqeust : GET --> /dashboard
[2024-07-13 11:34:27+05:30] [INFO] Authorized Reqeust : GET --> /dashboard --> undefined 
[2024-07-13 11:34:27+05:30] [INFO] Incoming Reqeust : GET --> /login
[2024-07-13 11:34:27+05:30] [INFO] Authorized Reqeust : GET --> /login --> undefined 
[2024-07-13 11:34:27+05:30] [INFO] Incoming Reqeust : GET --> /dashboard
[2024-07-13 11:34:27+05:30] [INFO] Authorized Reqeust : GET --> /dashboard --> undefined 
[2024-07-13 11:34:27+05:30] [INFO] Incoming Reqeust : GET --> /login
[2024-07-13 11:34:27+05:30] [INFO] Authorized Reqeust : GET --> /login --> undefined 
[2024-07-13 11:34:27+05:30] [INFO] Incoming Reqeust : GET --> /dashboard
[2024-07-13 11:34:27+05:30] [INFO] Authorized Reqeust : GET --> /dashboard --> undefined 
[2024-07-13 11:34:27+05:30] [INFO] Incoming Reqeust : GET --> /login
[2024-07-13 11:34:27+05:30] [INFO] Authorized Reqeust : GET --> /login --> undefined 
[2024-07-13 11:34:27+05:30] [INFO] Incoming Reqeust : GET --> /dashboard
[2024-07-13 11:34:27+05:30] [INFO] Authorized Reqeust : GET --> /dashboard --> undefined 
[2024-07-13 11:34:27+05:30] [INFO] Incoming Reqeust : GET --> /login
[2024-07-13 11:34:27+05:30] [INFO] Authorized Reqeust : GET --> /login --> undefined 
[2024-07-13 11:34:27+05:30] [INFO] Incoming Reqeust : GET --> /dashboard
[2024-07-13 11:34:27+05:30] [INFO] Authorized Reqeust : GET --> /dashboard --> undefined 
[2024-07-13 11:34:27+05:30] [INFO] Incoming Reqeust : GET --> /login
[2024-07-13 11:34:27+05:30] [INFO] Authorized Reqeust : GET --> /login --> undefined 
[2024-07-13 11:34:27+05:30] [INFO] Incoming Reqeust : GET --> /dashboard
[2024-07-13 11:34:27+05:30] [INFO] Authorized Reqeust : GET --> /dashboard --> undefined 
[2024-07-13 11:34:27+05:30] [INFO] Incoming Reqeust : GET --> /login
[2024-07-13 11:34:27+05:30] [INFO] Authorized Reqeust : GET --> /login --> undefined 
[2024-07-13 11:34:27+05:30] [INFO] Incoming Reqeust : GET --> /dashboard
[2024-07-13 11:34:27+05:30] [INFO] Authorized Reqeust : GET --> /dashboard --> undefined 
[2024-07-13 11:34:32+05:30] [INFO] Incoming Reqeust : GET --> /dashboard
[2024-07-13 11:34:32+05:30] [INFO] Authorized Reqeust : GET --> /dashboard --> undefined 
[2024-07-13 11:34:32+05:30] [INFO] Incoming Reqeust : GET --> /login
[2024-07-13 11:34:32+05:30] [INFO] Authorized Reqeust : GET --> /login --> undefined 
[2024-07-13 11:34:32+05:30] [INFO] Incoming Reqeust : GET --> /dashboard
[2024-07-13 11:34:32+05:30] [INFO] Authorized Reqeust : GET --> /dashboard --> undefined 
[2024-07-13 11:34:32+05:30] [INFO] Incoming Reqeust : GET --> /login
[2024-07-13 11:34:32+05:30] [INFO] Authorized Reqeust : GET --> /login --> undefined 
[2024-07-13 11:34:32+05:30] [INFO] Incoming Reqeust : GET --> /dashboard
[2024-07-13 11:34:32+05:30] [INFO] Authorized Reqeust : GET --> /dashboard --> undefined 
[2024-07-13 11:34:32+05:30] [INFO] Incoming Reqeust : GET --> /login
[2024-07-13 11:34:32+05:30] [INFO] Authorized Reqeust : GET --> /login --> undefined 
[2024-07-13 11:34:32+05:30] [INFO] Incoming Reqeust : GET --> /dashboard
[2024-07-13 11:34:32+05:30] [INFO] Authorized Reqeust : GET --> /dashboard --> undefined 
[2024-07-13 11:34:32+05:30] [INFO] Incoming Reqeust : GET --> /login
[2024-07-13 11:34:32+05:30] [INFO] Authorized Reqeust : GET --> /login --> undefined 
[2024-07-13 11:34:32+05:30] [INFO] Incoming Reqeust : GET --> /dashboard
[2024-07-13 11:34:32+05:30] [INFO] Authorized Reqeust : GET --> /dashboard --> undefined 
[2024-07-13 11:34:32+05:30] [INFO] Incoming Reqeust : GET --> /login
[2024-07-13 11:34:32+05:30] [INFO] Authorized Reqeust : GET --> /login --> undefined 
[2024-07-13 11:34:32+05:30] [INFO] Incoming Reqeust : GET --> /dashboard
[2024-07-13 11:34:32+05:30] [INFO] Authorized Reqeust : GET --> /dashboard --> undefined 
[2024-07-13 11:34:32+05:30] [INFO] Incoming Reqeust : GET --> /login
[2024-07-13 11:34:32+05:30] [INFO] Authorized Reqeust : GET --> /login --> undefined 
[2024-07-13 11:34:32+05:30] [INFO] Incoming Reqeust : GET --> /dashboard
[2024-07-13 11:34:32+05:30] [INFO] Authorized Reqeust : GET --> /dashboard --> undefined 
[2024-07-13 11:34:32+05:30] [INFO] Incoming Reqeust : GET --> /login
[2024-07-13 11:34:32+05:30] [INFO] Authorized Reqeust : GET --> /login --> undefined 
[2024-07-13 11:34:32+05:30] [INFO] Incoming Reqeust : GET --> /dashboard
[2024-07-13 11:34:32+05:30] [INFO] Authorized Reqeust : GET --> /dashboard --> undefined 
[2024-07-13 11:34:32+05:30] [INFO] Incoming Reqeust : GET --> /login
[2024-07-13 11:34:32+05:30] [INFO] Authorized Reqeust : GET --> /login --> undefined 
[2024-07-13 11:34:32+05:30] [INFO] Incoming Reqeust : GET --> /dashboard
[2024-07-13 11:34:32+05:30] [INFO] Authorized Reqeust : GET --> /dashboard --> undefined 
[2024-07-13 11:34:32+05:30] [INFO] Incoming Reqeust : GET --> /login
[2024-07-13 11:34:32+05:30] [INFO] Authorized Reqeust : GET --> /login --> undefined 
[2024-07-13 11:34:32+05:30] [INFO] Incoming Reqeust : GET --> /dashboard
[2024-07-13 11:34:32+05:30] [INFO] Authorized Reqeust : GET --> /dashboard --> undefined 
[2024-07-13 11:34:32+05:30] [INFO] Incoming Reqeust : GET --> /login
[2024-07-13 11:34:32+05:30] [INFO] Authorized Reqeust : GET --> /login --> undefined 
[2024-07-13 11:34:59+05:30] [SUCCESS] Server Started At Port 4000
[2024-07-13 11:34:59+05:30] [SUCCESS] Connected With Database Server...
[2024-07-13 11:35:02+05:30] [INFO] Incoming Reqeust : GET --> /login
[2024-07-13 11:35:02+05:30] [INFO] Authorized Reqeust : GET --> /login --> undefined 
[2024-07-13 11:35:02+05:30] [INFO] Incoming Reqeust : GET --> /dashboard
[2024-07-13 11:35:02+05:30] [INFO] Authorized Reqeust : GET --> /dashboard --> undefined 
[2024-07-13 11:35:02+05:30] [INFO] Incoming Reqeust : GET --> /login
[2024-07-13 11:35:02+05:30] [INFO] Authorized Reqeust : GET --> /login --> undefined 
[2024-07-13 11:35:02+05:30] [INFO] Incoming Reqeust : GET --> /dashboard
[2024-07-13 11:35:02+05:30] [INFO] Authorized Reqeust : GET --> /dashboard --> undefined 
[2024-07-13 11:35:02+05:30] [INFO] Incoming Reqeust : GET --> /login
[2024-07-13 11:35:02+05:30] [INFO] Authorized Reqeust : GET --> /login --> undefined 
[2024-07-13 11:35:02+05:30] [INFO] Incoming Reqeust : GET --> /dashboard
[2024-07-13 11:35:02+05:30] [INFO] Authorized Reqeust : GET --> /dashboard --> undefined 
[2024-07-13 11:35:02+05:30] [INFO] Incoming Reqeust : GET --> /login
[2024-07-13 11:35:02+05:30] [INFO] Authorized Reqeust : GET --> /login --> undefined 
[2024-07-13 11:35:02+05:30] [INFO] Incoming Reqeust : GET --> /dashboard
[2024-07-13 11:35:02+05:30] [INFO] Authorized Reqeust : GET --> /dashboard --> undefined 
[2024-07-13 11:35:02+05:30] [INFO] Incoming Reqeust : GET --> /login
[2024-07-13 11:35:02+05:30] [INFO] Authorized Reqeust : GET --> /login --> undefined 
[2024-07-13 11:35:02+05:30] [INFO] Incoming Reqeust : GET --> /dashboard
[2024-07-13 11:35:02+05:30] [INFO] Authorized Reqeust : GET --> /dashboard --> undefined 
[2024-07-13 11:35:02+05:30] [INFO] Incoming Reqeust : GET --> /login
[2024-07-13 11:35:02+05:30] [INFO] Authorized Reqeust : GET --> /login --> undefined 
[2024-07-13 11:35:02+05:30] [INFO] Incoming Reqeust : GET --> /dashboard
[2024-07-13 11:35:02+05:30] [INFO] Authorized Reqeust : GET --> /dashboard --> undefined 
[2024-07-13 11:35:02+05:30] [INFO] Incoming Reqeust : GET --> /login
[2024-07-13 11:35:02+05:30] [INFO] Authorized Reqeust : GET --> /login --> undefined 
[2024-07-13 11:35:02+05:30] [INFO] Incoming Reqeust : GET --> /dashboard
[2024-07-13 11:35:02+05:30] [INFO] Authorized Reqeust : GET --> /dashboard --> undefined 
[2024-07-13 11:35:02+05:30] [INFO] Incoming Reqeust : GET --> /login
[2024-07-13 11:35:02+05:30] [INFO] Authorized Reqeust : GET --> /login --> undefined 
[2024-07-13 11:35:02+05:30] [INFO] Incoming Reqeust : GET --> /dashboard
[2024-07-13 11:35:02+05:30] [INFO] Authorized Reqeust : GET --> /dashboard --> undefined 
[2024-07-13 11:35:02+05:30] [INFO] Incoming Reqeust : GET --> /login
[2024-07-13 11:35:02+05:30] [INFO] Authorized Reqeust : GET --> /login --> undefined 
[2024-07-13 11:35:02+05:30] [INFO] Incoming Reqeust : GET --> /dashboard
[2024-07-13 11:35:02+05:30] [INFO] Authorized Reqeust : GET --> /dashboard --> undefined 
[2024-07-13 11:35:02+05:30] [INFO] Incoming Reqeust : GET --> /login
[2024-07-13 11:35:02+05:30] [INFO] Authorized Reqeust : GET --> /login --> undefined 
[2024-07-13 11:35:02+05:30] [INFO] Incoming Reqeust : GET --> /dashboard
[2024-07-13 11:35:02+05:30] [INFO] Authorized Reqeust : GET --> /dashboard --> undefined 
[2024-07-13 11:35:12+05:30] [INFO] Incoming Reqeust : GET --> /dashboard
[2024-07-13 11:35:12+05:30] [INFO] Authorized Reqeust : GET --> /dashboard --> undefined 
[2024-07-13 11:35:12+05:30] [INFO] Incoming Reqeust : GET --> /login
[2024-07-13 11:35:12+05:30] [INFO] Authorized Reqeust : GET --> /login --> undefined 
[2024-07-13 11:35:12+05:30] [INFO] Incoming Reqeust : GET --> /dashboard
[2024-07-13 11:35:12+05:30] [INFO] Authorized Reqeust : GET --> /dashboard --> undefined 
[2024-07-13 11:35:12+05:30] [INFO] Incoming Reqeust : GET --> /login
[2024-07-13 11:35:12+05:30] [INFO] Authorized Reqeust : GET --> /login --> undefined 
[2024-07-13 11:35:12+05:30] [INFO] Incoming Reqeust : GET --> /dashboard
[2024-07-13 11:35:12+05:30] [INFO] Authorized Reqeust : GET --> /dashboard --> undefined 
[2024-07-13 11:35:12+05:30] [INFO] Incoming Reqeust : GET --> /login
[2024-07-13 11:35:12+05:30] [INFO] Authorized Reqeust : GET --> /login --> undefined 
[2024-07-13 11:35:12+05:30] [INFO] Incoming Reqeust : GET --> /dashboard
[2024-07-13 11:35:12+05:30] [INFO] Authorized Reqeust : GET --> /dashboard --> undefined 
[2024-07-13 11:35:12+05:30] [INFO] Incoming Reqeust : GET --> /login
[2024-07-13 11:35:12+05:30] [INFO] Authorized Reqeust : GET --> /login --> undefined 
[2024-07-13 11:35:12+05:30] [INFO] Incoming Reqeust : GET --> /dashboard
[2024-07-13 11:35:12+05:30] [INFO] Authorized Reqeust : GET --> /dashboard --> undefined 
[2024-07-13 11:35:12+05:30] [INFO] Incoming Reqeust : GET --> /login
[2024-07-13 11:35:12+05:30] [INFO] Authorized Reqeust : GET --> /login --> undefined 
[2024-07-13 11:35:12+05:30] [INFO] Incoming Reqeust : GET --> /dashboard
[2024-07-13 11:35:12+05:30] [INFO] Authorized Reqeust : GET --> /dashboard --> undefined 
[2024-07-13 11:35:12+05:30] [INFO] Incoming Reqeust : GET --> /login
[2024-07-13 11:35:12+05:30] [INFO] Authorized Reqeust : GET --> /login --> undefined 
[2024-07-13 11:35:12+05:30] [INFO] Incoming Reqeust : GET --> /dashboard
[2024-07-13 11:35:12+05:30] [INFO] Authorized Reqeust : GET --> /dashboard --> undefined 
[2024-07-13 11:35:12+05:30] [INFO] Incoming Reqeust : GET --> /login
[2024-07-13 11:35:12+05:30] [INFO] Authorized Reqeust : GET --> /login --> undefined 
[2024-07-13 11:35:12+05:30] [INFO] Incoming Reqeust : GET --> /dashboard
[2024-07-13 11:35:12+05:30] [INFO] Authorized Reqeust : GET --> /dashboard --> undefined 
[2024-07-13 11:35:12+05:30] [INFO] Incoming Reqeust : GET --> /login
[2024-07-13 11:35:12+05:30] [INFO] Authorized Reqeust : GET --> /login --> undefined 
[2024-07-13 11:35:12+05:30] [INFO] Incoming Reqeust : GET --> /dashboard
[2024-07-13 11:35:12+05:30] [INFO] Authorized Reqeust : GET --> /dashboard --> undefined 
[2024-07-13 11:35:12+05:30] [INFO] Incoming Reqeust : GET --> /login
[2024-07-13 11:35:12+05:30] [INFO] Authorized Reqeust : GET --> /login --> undefined 
[2024-07-13 11:35:12+05:30] [INFO] Incoming Reqeust : GET --> /dashboard
[2024-07-13 11:35:12+05:30] [INFO] Authorized Reqeust : GET --> /dashboard --> undefined 
[2024-07-13 11:35:12+05:30] [INFO] Incoming Reqeust : GET --> /login
[2024-07-13 11:35:12+05:30] [INFO] Authorized Reqeust : GET --> /login --> undefined 
[2024-07-13 11:36:11+05:30] [SUCCESS] Server Started At Port 4000
[2024-07-13 11:36:11+05:30] [SUCCESS] Connected With Database Server...
[2024-07-13 11:36:12+05:30] [INFO] Incoming Reqeust : GET --> /login
[2024-07-13 11:36:12+05:30] [INFO] Authorized Reqeust : GET --> /login --> undefined 
[2024-07-13 11:36:12+05:30] [INFO] Incoming Reqeust : GET --> /dashboard
[2024-07-13 11:36:12+05:30] [INFO] Authorized Reqeust : GET --> /dashboard --> undefined 
[2024-07-13 11:36:12+05:30] [INFO] Incoming Reqeust : GET --> /login
[2024-07-13 11:36:12+05:30] [INFO] Authorized Reqeust : GET --> /login --> undefined 
[2024-07-13 11:36:12+05:30] [INFO] Incoming Reqeust : GET --> /dashboard
[2024-07-13 11:36:12+05:30] [INFO] Authorized Reqeust : GET --> /dashboard --> undefined 
[2024-07-13 11:36:12+05:30] [INFO] Incoming Reqeust : GET --> /login
[2024-07-13 11:36:12+05:30] [INFO] Authorized Reqeust : GET --> /login --> undefined 
[2024-07-13 11:36:12+05:30] [INFO] Incoming Reqeust : GET --> /dashboard
[2024-07-13 11:36:12+05:30] [INFO] Authorized Reqeust : GET --> /dashboard --> undefined 
[2024-07-13 11:36:12+05:30] [INFO] Incoming Reqeust : GET --> /login
[2024-07-13 11:36:12+05:30] [INFO] Authorized Reqeust : GET --> /login --> undefined 
[2024-07-13 11:36:12+05:30] [INFO] Incoming Reqeust : GET --> /dashboard
[2024-07-13 11:36:12+05:30] [INFO] Authorized Reqeust : GET --> /dashboard --> undefined 
[2024-07-13 11:36:12+05:30] [INFO] Incoming Reqeust : GET --> /login
[2024-07-13 11:36:12+05:30] [INFO] Authorized Reqeust : GET --> /login --> undefined 
[2024-07-13 11:36:12+05:30] [INFO] Incoming Reqeust : GET --> /dashboard
[2024-07-13 11:36:12+05:30] [INFO] Authorized Reqeust : GET --> /dashboard --> undefined 
[2024-07-13 11:36:12+05:30] [INFO] Incoming Reqeust : GET --> /login
[2024-07-13 11:36:12+05:30] [INFO] Authorized Reqeust : GET --> /login --> undefined 
[2024-07-13 11:36:12+05:30] [INFO] Incoming Reqeust : GET --> /dashboard
[2024-07-13 11:36:12+05:30] [INFO] Authorized Reqeust : GET --> /dashboard --> undefined 
[2024-07-13 11:36:12+05:30] [INFO] Incoming Reqeust : GET --> /login
[2024-07-13 11:36:12+05:30] [INFO] Authorized Reqeust : GET --> /login --> undefined 
[2024-07-13 11:36:12+05:30] [INFO] Incoming Reqeust : GET --> /dashboard
[2024-07-13 11:36:12+05:30] [INFO] Authorized Reqeust : GET --> /dashboard --> undefined 
[2024-07-13 11:36:12+05:30] [INFO] Incoming Reqeust : GET --> /login
[2024-07-13 11:36:12+05:30] [INFO] Authorized Reqeust : GET --> /login --> undefined 
[2024-07-13 11:36:12+05:30] [INFO] Incoming Reqeust : GET --> /dashboard
[2024-07-13 11:36:12+05:30] [INFO] Authorized Reqeust : GET --> /dashboard --> undefined 
[2024-07-13 11:36:12+05:30] [INFO] Incoming Reqeust : GET --> /login
[2024-07-13 11:36:12+05:30] [INFO] Authorized Reqeust : GET --> /login --> undefined 
[2024-07-13 11:36:12+05:30] [INFO] Incoming Reqeust : GET --> /dashboard
[2024-07-13 11:36:12+05:30] [INFO] Authorized Reqeust : GET --> /dashboard --> undefined 
[2024-07-13 11:36:12+05:30] [INFO] Incoming Reqeust : GET --> /login
[2024-07-13 11:36:12+05:30] [INFO] Authorized Reqeust : GET --> /login --> undefined 
[2024-07-13 11:36:12+05:30] [INFO] Incoming Reqeust : GET --> /dashboard
[2024-07-13 11:36:12+05:30] [INFO] Authorized Reqeust : GET --> /dashboard --> undefined 
[2024-07-13 11:36:59+05:30] [SUCCESS] Server Started At Port 4000
[2024-07-13 11:36:59+05:30] [SUCCESS] Connected With Database Server...
[2024-07-13 11:37:04+05:30] [INFO] Incoming Reqeust : GET --> /dashboard
[2024-07-13 11:37:04+05:30] [INFO] Authorized Reqeust : GET --> /dashboard --> undefined 
[2024-07-13 11:37:04+05:30] [INFO] Incoming Reqeust : GET --> /login
[2024-07-13 11:37:04+05:30] [INFO] Authorized Reqeust : GET --> /login --> undefined 
[2024-07-13 11:37:04+05:30] [INFO] Incoming Reqeust : GET --> /login
[2024-07-13 11:37:04+05:30] [INFO] Authorized Reqeust : GET --> /login --> undefined 
[2024-07-13 11:37:04+05:30] [INFO] Incoming Reqeust : GET --> /dashboard
[2024-07-13 11:37:04+05:30] [INFO] Authorized Reqeust : GET --> /dashboard --> undefined 
[2024-07-13 11:37:04+05:30] [INFO] Incoming Reqeust : GET --> /login
[2024-07-13 11:37:04+05:30] [INFO] Authorized Reqeust : GET --> /login --> undefined 
[2024-07-13 11:37:04+05:30] [INFO] Incoming Reqeust : GET --> /dashboard
[2024-07-13 11:37:04+05:30] [INFO] Authorized Reqeust : GET --> /dashboard --> undefined 
[2024-07-13 11:37:04+05:30] [INFO] Incoming Reqeust : GET --> /login
[2024-07-13 11:37:04+05:30] [INFO] Authorized Reqeust : GET --> /login --> undefined 
[2024-07-13 11:37:04+05:30] [INFO] Incoming Reqeust : GET --> /dashboard
[2024-07-13 11:37:04+05:30] [INFO] Authorized Reqeust : GET --> /dashboard --> undefined 
[2024-07-13 11:37:04+05:30] [INFO] Incoming Reqeust : GET --> /login
[2024-07-13 11:37:04+05:30] [INFO] Authorized Reqeust : GET --> /login --> undefined 
[2024-07-13 11:37:04+05:30] [INFO] Incoming Reqeust : GET --> /dashboard
[2024-07-13 11:37:04+05:30] [INFO] Authorized Reqeust : GET --> /dashboard --> undefined 
[2024-07-13 11:37:04+05:30] [INFO] Incoming Reqeust : GET --> /login
[2024-07-13 11:37:04+05:30] [INFO] Authorized Reqeust : GET --> /login --> undefined 
[2024-07-13 11:37:04+05:30] [INFO] Incoming Reqeust : GET --> /dashboard
[2024-07-13 11:37:04+05:30] [INFO] Authorized Reqeust : GET --> /dashboard --> undefined 
[2024-07-13 11:37:04+05:30] [INFO] Incoming Reqeust : GET --> /login
[2024-07-13 11:37:04+05:30] [INFO] Authorized Reqeust : GET --> /login --> undefined 
[2024-07-13 11:37:04+05:30] [INFO] Incoming Reqeust : GET --> /dashboard
[2024-07-13 11:37:04+05:30] [INFO] Authorized Reqeust : GET --> /dashboard --> undefined 
[2024-07-13 11:37:04+05:30] [INFO] Incoming Reqeust : GET --> /login
[2024-07-13 11:37:04+05:30] [INFO] Authorized Reqeust : GET --> /login --> undefined 
[2024-07-13 11:37:04+05:30] [INFO] Incoming Reqeust : GET --> /dashboard
[2024-07-13 11:37:04+05:30] [INFO] Authorized Reqeust : GET --> /dashboard --> undefined 
[2024-07-13 11:37:04+05:30] [INFO] Incoming Reqeust : GET --> /login
[2024-07-13 11:37:04+05:30] [INFO] Authorized Reqeust : GET --> /login --> undefined 
[2024-07-13 11:37:04+05:30] [INFO] Incoming Reqeust : GET --> /dashboard
[2024-07-13 11:37:04+05:30] [INFO] Authorized Reqeust : GET --> /dashboard --> undefined 
[2024-07-13 11:37:04+05:30] [INFO] Incoming Reqeust : GET --> /login
[2024-07-13 11:37:04+05:30] [INFO] Authorized Reqeust : GET --> /login --> undefined 
[2024-07-13 11:37:04+05:30] [INFO] Incoming Reqeust : GET --> /dashboard
[2024-07-13 11:37:04+05:30] [INFO] Authorized Reqeust : GET --> /dashboard --> undefined 
[2024-07-13 11:37:04+05:30] [INFO] Incoming Reqeust : GET --> /login
[2024-07-13 11:37:04+05:30] [INFO] Authorized Reqeust : GET --> /login --> undefined 
[2024-07-13 11:38:43+05:30] [SUCCESS] Server Started At Port 4000
[2024-07-13 11:38:43+05:30] [SUCCESS] Connected With Database Server...
[2024-07-13 11:38:49+05:30] [INFO] Incoming Reqeust : GET --> /
[2024-07-13 11:38:49+05:30] [INFO] Authorized Reqeust : GET --> / --> undefined 
[2024-07-13 11:38:49+05:30] [INFO] Incoming Reqeust : GET --> /dashboard
[2024-07-13 11:38:49+05:30] [INFO] Authorized Reqeust : GET --> /dashboard --> undefined 
[2024-07-13 11:38:49+05:30] [INFO] Incoming Reqeust : GET --> /login
[2024-07-13 11:38:49+05:30] [INFO] Authorized Reqeust : GET --> /login --> undefined 
[2024-07-13 11:38:49+05:30] [INFO] Incoming Reqeust : GET --> /dashboard
[2024-07-13 11:38:49+05:30] [INFO] Authorized Reqeust : GET --> /dashboard --> undefined 
[2024-07-13 11:38:49+05:30] [INFO] Incoming Reqeust : GET --> /login
[2024-07-13 11:38:49+05:30] [INFO] Authorized Reqeust : GET --> /login --> undefined 
[2024-07-13 11:38:49+05:30] [INFO] Incoming Reqeust : GET --> /dashboard
[2024-07-13 11:38:49+05:30] [INFO] Authorized Reqeust : GET --> /dashboard --> undefined 
[2024-07-13 11:38:49+05:30] [INFO] Incoming Reqeust : GET --> /login
[2024-07-13 11:38:49+05:30] [INFO] Authorized Reqeust : GET --> /login --> undefined 
[2024-07-13 11:38:49+05:30] [INFO] Incoming Reqeust : GET --> /dashboard
[2024-07-13 11:38:49+05:30] [INFO] Authorized Reqeust : GET --> /dashboard --> undefined 
[2024-07-13 11:38:49+05:30] [INFO] Incoming Reqeust : GET --> /login
[2024-07-13 11:38:49+05:30] [INFO] Authorized Reqeust : GET --> /login --> undefined 
[2024-07-13 11:38:49+05:30] [INFO] Incoming Reqeust : GET --> /dashboard
[2024-07-13 11:38:49+05:30] [INFO] Authorized Reqeust : GET --> /dashboard --> undefined 
[2024-07-13 11:38:49+05:30] [INFO] Incoming Reqeust : GET --> /login
[2024-07-13 11:38:49+05:30] [INFO] Authorized Reqeust : GET --> /login --> undefined 
[2024-07-13 11:38:49+05:30] [INFO] Incoming Reqeust : GET --> /dashboard
[2024-07-13 11:38:49+05:30] [INFO] Authorized Reqeust : GET --> /dashboard --> undefined 
[2024-07-13 11:38:49+05:30] [INFO] Incoming Reqeust : GET --> /login
[2024-07-13 11:38:49+05:30] [INFO] Authorized Reqeust : GET --> /login --> undefined 
[2024-07-13 11:38:49+05:30] [INFO] Incoming Reqeust : GET --> /dashboard
[2024-07-13 11:38:49+05:30] [INFO] Authorized Reqeust : GET --> /dashboard --> undefined 
[2024-07-13 11:38:49+05:30] [INFO] Incoming Reqeust : GET --> /login
[2024-07-13 11:38:49+05:30] [INFO] Authorized Reqeust : GET --> /login --> undefined 
[2024-07-13 11:38:49+05:30] [INFO] Incoming Reqeust : GET --> /dashboard
[2024-07-13 11:38:49+05:30] [INFO] Authorized Reqeust : GET --> /dashboard --> undefined 
[2024-07-13 11:38:49+05:30] [INFO] Incoming Reqeust : GET --> /login
[2024-07-13 11:38:49+05:30] [INFO] Authorized Reqeust : GET --> /login --> undefined 
[2024-07-13 11:38:49+05:30] [INFO] Incoming Reqeust : GET --> /dashboard
[2024-07-13 11:38:49+05:30] [INFO] Authorized Reqeust : GET --> /dashboard --> undefined 
[2024-07-13 11:38:49+05:30] [INFO] Incoming Reqeust : GET --> /login
[2024-07-13 11:38:49+05:30] [INFO] Authorized Reqeust : GET --> /login --> undefined 
[2024-07-13 11:38:49+05:30] [INFO] Incoming Reqeust : GET --> /dashboard
[2024-07-13 11:38:49+05:30] [INFO] Authorized Reqeust : GET --> /dashboard --> undefined 
[2024-07-13 11:38:50+05:30] [INFO] Incoming Reqeust : GET --> /dashboard
[2024-07-13 11:38:50+05:30] [INFO] Authorized Reqeust : GET --> /dashboard --> undefined 
[2024-07-13 11:38:50+05:30] [INFO] Incoming Reqeust : GET --> /login
[2024-07-13 11:38:50+05:30] [INFO] Authorized Reqeust : GET --> /login --> undefined 
[2024-07-13 11:38:50+05:30] [INFO] Incoming Reqeust : GET --> /dashboard
[2024-07-13 11:38:50+05:30] [INFO] Authorized Reqeust : GET --> /dashboard --> undefined 
[2024-07-13 11:38:50+05:30] [INFO] Incoming Reqeust : GET --> /login
[2024-07-13 11:38:50+05:30] [INFO] Authorized Reqeust : GET --> /login --> undefined 
[2024-07-13 11:38:50+05:30] [INFO] Incoming Reqeust : GET --> /dashboard
[2024-07-13 11:38:50+05:30] [INFO] Authorized Reqeust : GET --> /dashboard --> undefined 
[2024-07-13 11:38:51+05:30] [INFO] Incoming Reqeust : GET --> /login
[2024-07-13 11:38:51+05:30] [INFO] Authorized Reqeust : GET --> /login --> undefined 
[2024-07-13 11:38:51+05:30] [INFO] Incoming Reqeust : GET --> /dashboard
[2024-07-13 11:38:51+05:30] [INFO] Authorized Reqeust : GET --> /dashboard --> undefined 
[2024-07-13 11:38:51+05:30] [INFO] Incoming Reqeust : GET --> /login
[2024-07-13 11:38:51+05:30] [INFO] Authorized Reqeust : GET --> /login --> undefined 
[2024-07-13 11:38:51+05:30] [INFO] Incoming Reqeust : GET --> /dashboard
[2024-07-13 11:38:51+05:30] [INFO] Authorized Reqeust : GET --> /dashboard --> undefined 
[2024-07-13 11:38:51+05:30] [INFO] Incoming Reqeust : GET --> /login
[2024-07-13 11:38:51+05:30] [INFO] Authorized Reqeust : GET --> /login --> undefined 
[2024-07-13 11:38:51+05:30] [INFO] Incoming Reqeust : GET --> /dashboard
[2024-07-13 11:38:51+05:30] [INFO] Authorized Reqeust : GET --> /dashboard --> undefined 
[2024-07-13 11:38:51+05:30] [INFO] Incoming Reqeust : GET --> /login
[2024-07-13 11:38:51+05:30] [INFO] Authorized Reqeust : GET --> /login --> undefined 
[2024-07-13 11:38:51+05:30] [INFO] Incoming Reqeust : GET --> /dashboard
[2024-07-13 11:38:51+05:30] [INFO] Authorized Reqeust : GET --> /dashboard --> undefined 
[2024-07-13 11:38:51+05:30] [INFO] Incoming Reqeust : GET --> /login
[2024-07-13 11:38:51+05:30] [INFO] Authorized Reqeust : GET --> /login --> undefined 
[2024-07-13 11:38:51+05:30] [INFO] Incoming Reqeust : GET --> /dashboard
[2024-07-13 11:38:51+05:30] [INFO] Authorized Reqeust : GET --> /dashboard --> undefined 
[2024-07-13 11:38:51+05:30] [INFO] Incoming Reqeust : GET --> /login
[2024-07-13 11:38:51+05:30] [INFO] Authorized Reqeust : GET --> /login --> undefined 
[2024-07-13 11:38:51+05:30] [INFO] Incoming Reqeust : GET --> /dashboard
[2024-07-13 11:38:51+05:30] [INFO] Authorized Reqeust : GET --> /dashboard --> undefined 
[2024-07-13 11:38:51+05:30] [INFO] Incoming Reqeust : GET --> /login
[2024-07-13 11:38:51+05:30] [INFO] Authorized Reqeust : GET --> /login --> undefined 
[2024-07-13 11:38:51+05:30] [INFO] Incoming Reqeust : GET --> /dashboard
[2024-07-13 11:38:51+05:30] [INFO] Authorized Reqeust : GET --> /dashboard --> undefined 
[2024-07-13 11:38:51+05:30] [INFO] Incoming Reqeust : GET --> /login
[2024-07-13 11:38:51+05:30] [INFO] Authorized Reqeust : GET --> /login --> undefined 
[2024-07-13 11:38:56+05:30] [INFO] Incoming Reqeust : GET --> /login
[2024-07-13 11:38:56+05:30] [INFO] Unauthorized Reqeust : GET --> /login --> No Token Found 
[2024-07-13 11:38:56+05:30] [INFO] Incoming Reqeust : GET --> /js/login.js
[2024-07-13 11:38:56+05:30] [INFO] Incoming Reqeust : GET --> /favicon.ico
[2024-07-13 11:38:56+05:30] [INFO] Unauthorized Reqeust : GET --> /favicon.ico --> No Token Found 
[2024-07-13 11:43:03+05:30] [SUCCESS] Server Started At Port 4000
[2024-07-13 11:43:03+05:30] [SUCCESS] Connected With Database Server...
[2024-07-13 11:43:04+05:30] [SUCCESS] Server Started At Port 4000
[2024-07-13 11:43:04+05:30] [SUCCESS] Connected With Database Server...
[2024-07-13 11:43:08+05:30] [SUCCESS] Server Started At Port 4000
[2024-07-13 11:43:08+05:30] [SUCCESS] Connected With Database Server...
[2024-07-13 11:43:15+05:30] [SUCCESS] Server Started At Port 4000
[2024-07-13 11:43:15+05:30] [SUCCESS] Connected With Database Server...
[2024-07-13 11:43:17+05:30] [SUCCESS] Server Started At Port 4000
[2024-07-13 11:43:17+05:30] [SUCCESS] Connected With Database Server...
[2024-07-13 11:43:36+05:30] [SUCCESS] Server Started At Port 4000
[2024-07-13 11:43:36+05:30] [SUCCESS] Connected With Database Server...
[2024-07-13 11:43:42+05:30] [INFO] Incoming Reqeust : POST --> /api/auth
[2024-07-13 11:43:58+05:30] [INFO] Incoming Reqeust : GET --> /
[2024-07-13 11:47:08+05:30] [SUCCESS] Server Started At Port 4000
[2024-07-13 11:47:08+05:30] [SUCCESS] Connected With Database Server...
[2024-07-13 11:47:13+05:30] [INFO] Incoming Reqeust : GET --> /
[2024-07-13 11:47:13+05:30] [INFO] Unauthorized Reqeust : GET --> / --> No Token Found 
[2024-07-13 11:47:19+05:30] [INFO] Incoming Reqeust : GET --> /dashboard
[2024-07-13 11:47:19+05:30] [INFO] Unauthorized Reqeust : GET --> /dashboard --> No Token Found 
[2024-07-13 11:47:26+05:30] [SUCCESS] Server Started At Port 4000
[2024-07-13 11:47:26+05:30] [SUCCESS] Connected With Database Server...
[2024-07-13 11:47:34+05:30] [SUCCESS] Server Started At Port 4000
[2024-07-13 11:47:34+05:30] [SUCCESS] Connected With Database Server...
[2024-07-13 11:47:35+05:30] [INFO] Incoming Reqeust : GET --> /dashboard
[2024-07-13 11:47:35+05:30] [INFO] Unauthorized Reqeust : GET --> /dashboard --> No Token Found 
[2024-07-13 11:47:35+05:30] [INFO] Incoming Reqeust : GET --> /login
[2024-07-13 11:47:35+05:30] [INFO] Unauthorized Reqeust : GET --> /login --> No Token Found 
[2024-07-13 11:47:35+05:30] [INFO] Incoming Reqeust : GET --> /js/login.js
[2024-07-13 11:47:43+05:30] [INFO] Incoming Reqeust : POST --> /api/auth
[2024-07-13 11:47:43+05:30] [INFO] Incoming Reqeust : GET --> /dashboard
[2024-07-13 11:47:43+05:30] [INFO] Authorized Reqeust : GET --> /dashboard --> undefined 
[2024-07-13 11:47:50+05:30] [INFO] Incoming Reqeust : GET --> /login
[2024-07-13 11:47:50+05:30] [INFO] Authorized Reqeust : GET --> /login --> undefined 
[2024-07-13 11:47:50+05:30] [INFO] Incoming Reqeust : GET --> /dashboard
[2024-07-13 11:47:50+05:30] [INFO] Authorized Reqeust : GET --> /dashboard --> undefined 
[2024-07-13 11:47:54+05:30] [INFO] Incoming Reqeust : GET --> /
[2024-07-13 11:47:54+05:30] [INFO] Authorized Reqeust : GET --> / --> undefined 
[2024-07-13 11:47:54+05:30] [INFO] Incoming Reqeust : GET --> /dashboard
[2024-07-13 11:47:54+05:30] [INFO] Authorized Reqeust : GET --> /dashboard --> undefined 
[2024-07-13 11:48:01+05:30] [INFO] Incoming Reqeust : GET --> /
[2024-07-13 11:48:01+05:30] [INFO] Authorized Reqeust : GET --> / --> undefined 
[2024-07-13 11:48:01+05:30] [INFO] Incoming Reqeust : GET --> /dashboard
[2024-07-13 11:48:01+05:30] [INFO] Authorized Reqeust : GET --> /dashboard --> undefined 
[2024-07-13 11:48:02+05:30] [INFO] Incoming Reqeust : GET --> /favicon.ico
[2024-07-13 11:48:02+05:30] [INFO] Authorized Reqeust : GET --> /favicon.ico --> undefined 
[2024-07-13 11:51:12+05:30] [SUCCESS] Server Started At Port 4000
[2024-07-13 11:51:12+05:30] [SUCCESS] Connected With Database Server...
[2024-07-13 11:51:15+05:30] [INFO] Incoming Reqeust : GET --> /dashboard
[2024-07-13 11:51:15+05:30] [INFO] Authorized Reqeust : GET --> /dashboard --> undefined 
[2024-07-13 11:51:33+05:30] [INFO] Incoming Reqeust : GET --> /dashboard
[2024-07-13 11:51:33+05:30] [INFO] Authorized Reqeust : GET --> /dashboard --> undefined 
[2024-07-13 11:51:36+05:30] [SUCCESS] Server Started At Port 4000
[2024-07-13 11:51:36+05:30] [SUCCESS] Connected With Database Server...
[2024-07-13 11:51:42+05:30] [INFO] Incoming Reqeust : GET --> /
[2024-07-13 11:51:42+05:30] [INFO] Authorized Reqeust : GET --> / --> undefined 
[2024-07-13 11:51:42+05:30] [INFO] Incoming Reqeust : GET --> /dashboard
[2024-07-13 11:51:42+05:30] [INFO] Authorized Reqeust : GET --> /dashboard --> undefined 
[2024-07-13 11:51:42+05:30] [INFO] Incoming Reqeust : GET --> /favicon.ico
[2024-07-13 11:51:42+05:30] [INFO] Authorized Reqeust : GET --> /favicon.ico --> undefined 
[2024-07-13 11:51:57+05:30] [INFO] Incoming Reqeust : GET --> /dashboard
[2024-07-13 11:51:57+05:30] [INFO] Unauthorized Reqeust : GET --> /dashboard --> No Token Found 
[2024-07-13 11:51:57+05:30] [INFO] Incoming Reqeust : GET --> /login
[2024-07-13 11:51:57+05:30] [INFO] Unauthorized Reqeust : GET --> /login --> No Token Found 
[2024-07-13 11:51:57+05:30] [INFO] Incoming Reqeust : GET --> /js/login.js
[2024-07-13 11:52:01+05:30] [INFO] Incoming Reqeust : POST --> /api/auth
[2024-07-13 11:52:08+05:30] [INFO] Incoming Reqeust : POST --> /api/auth
[2024-07-13 11:52:08+05:30] [INFO] Incoming Reqeust : GET --> /dashboard
[2024-07-13 11:52:08+05:30] [INFO] Authorized Reqeust : GET --> /dashboard --> undefined 
[2024-07-13 11:52:13+05:30] [INFO] Incoming Reqeust : GET --> /logout
[2024-07-13 11:52:13+05:30] [INFO] Authorized Reqeust : GET --> /logout --> undefined 
