[2024-07-15 10:58:42+05:30] [SUCCESS] Server Started At Port 4000
[2024-07-15 10:58:42+05:30] [SUCCESS] Connected With Database Server...
[2024-07-15 10:58:50+05:30] [INFO] Incoming Reqeust : GET --> /
[2024-07-15 10:58:50+05:30] [INFO] Unauthorized Reqeust : GET --> / --> No Token Found 
[2024-07-15 10:58:54+05:30] [INFO] Incoming Reqeust : GET --> /login
[2024-07-15 10:58:54+05:30] [INFO] Unauthorized Reqeust : GET --> /login --> No Token Found 
[2024-07-15 10:58:54+05:30] [INFO] Incoming Reqeust : GET --> /js/login.js
[2024-07-15 10:59:27+05:30] [INFO] Incoming Reqeust : POST --> /api/auth
[2024-07-15 11:03:11+05:30] [SUCCESS] Server Started At Port 4000
[2024-07-15 11:03:11+05:30] [SUCCESS] Connected With Database Server...
[2024-07-15 11:03:11+05:30] [INFO] Incoming Reqeust : POST --> /api/auth
[2024-07-15 11:03:19+05:30] [INFO] Incoming Reqeust : POST --> /api/auth
[2024-07-15 11:03:19+05:30] [INFO] Incoming Reqeust : GET --> /dashboard
[2024-07-15 11:03:19+05:30] [INFO] Authorized Reqeust : GET --> /dashboard --> undefined 
[2024-07-15 11:03:40+05:30] [INFO] Incoming Reqeust : GET --> /logout
[2024-07-15 11:03:40+05:30] [INFO] Authorized Reqeust : GET --> /logout --> undefined 
[2024-07-15 11:31:03+05:30] [SUCCESS] Server Started At Port 4000
[2024-07-15 11:31:03+05:30] [SUCCESS] Connected With Database Server...
[2024-07-15 11:31:21+05:30] [INFO] Incoming Reqeust : GET --> /
[2024-07-15 11:31:21+05:30] [INFO] Authorized Reqeust : GET --> / --> undefined 
[2024-07-15 11:31:21+05:30] [INFO] Incoming Reqeust : GET --> /dashboard
[2024-07-15 11:31:21+05:30] [INFO] Authorized Reqeust : GET --> /dashboard --> undefined 
[2024-07-15 11:31:25+05:30] [INFO] Incoming Reqeust : GET --> /logout
[2024-07-15 11:31:25+05:30] [INFO] Authorized Reqeust : GET --> /logout --> undefined 
[2024-07-15 11:31:42+05:30] [SUCCESS] Server Started At Port 4000
[2024-07-15 11:31:42+05:30] [SUCCESS] Connected With Database Server...
[2024-07-15 11:31:48+05:30] [INFO] Incoming Reqeust : GET --> /
[2024-07-15 11:31:48+05:30] [INFO] Unauthorized Reqeust : GET --> / --> No Token Found 
[2024-07-15 11:31:49+05:30] [INFO] Incoming Reqeust : GET --> /favicon.ico
[2024-07-15 11:31:49+05:30] [INFO] Unauthorized Reqeust : GET --> /favicon.ico --> No Token Found 
[2024-07-15 11:31:55+05:30] [INFO] Incoming Reqeust : GET --> /dashboard
[2024-07-15 11:31:55+05:30] [INFO] Unauthorized Reqeust : GET --> /dashboard --> No Token Found 
[2024-07-15 11:31:55+05:30] [INFO] Incoming Reqeust : GET --> /login
[2024-07-15 11:31:55+05:30] [INFO] Unauthorized Reqeust : GET --> /login --> No Token Found 
[2024-07-15 11:31:55+05:30] [INFO] Incoming Reqeust : GET --> /js/login.js
[2024-07-15 11:31:58+05:30] [INFO] Incoming Reqeust : GET --> /login
[2024-07-15 11:31:58+05:30] [INFO] Unauthorized Reqeust : GET --> /login --> No Token Found 
[2024-07-15 11:31:58+05:30] [INFO] Incoming Reqeust : GET --> /js/login.js
[2024-07-15 11:31:59+05:30] [INFO] Incoming Reqeust : GET --> /about
[2024-07-15 11:31:59+05:30] [INFO] Unauthorized Reqeust : GET --> /about --> No Token Found 
[2024-07-15 11:32:02+05:30] [INFO] Incoming Reqeust : GET --> /dashboard
[2024-07-15 11:32:02+05:30] [INFO] Unauthorized Reqeust : GET --> /dashboard --> No Token Found 
[2024-07-15 11:32:02+05:30] [INFO] Incoming Reqeust : GET --> /login
[2024-07-15 11:32:02+05:30] [INFO] Unauthorized Reqeust : GET --> /login --> No Token Found 
[2024-07-15 11:32:02+05:30] [INFO] Incoming Reqeust : GET --> /js/login.js
[2024-07-15 11:32:13+05:30] [INFO] Incoming Reqeust : POST --> /api/auth
[2024-07-15 11:32:13+05:30] [INFO] Incoming Reqeust : GET --> /dashboard
[2024-07-15 11:32:13+05:30] [INFO] Authorized Reqeust : GET --> /dashboard --> undefined 
[2024-07-15 11:33:38+05:30] [SUCCESS] Server Started At Port 4000
[2024-07-15 11:33:38+05:30] [SUCCESS] Connected With Database Server...
[2024-07-15 11:33:39+05:30] [INFO] Incoming Reqeust : GET --> /dashboard
[2024-07-15 11:33:39+05:30] [INFO] Authorized Reqeust : GET --> /dashboard --> undefined 
[2024-07-15 11:33:40+05:30] [INFO] Incoming Reqeust : GET --> /dashboard
[2024-07-15 11:33:40+05:30] [INFO] Authorized Reqeust : GET --> /dashboard --> undefined 
[2024-07-15 11:33:40+05:30] [INFO] Incoming Reqeust : GET --> /dashboard
[2024-07-15 11:33:40+05:30] [INFO] Authorized Reqeust : GET --> /dashboard --> undefined 
[2024-07-15 11:33:41+05:30] [INFO] Incoming Reqeust : GET --> /dashboard
[2024-07-15 11:33:41+05:30] [INFO] Authorized Reqeust : GET --> /dashboard --> undefined 
[2024-07-15 11:33:41+05:30] [INFO] Incoming Reqeust : GET --> /dashboard
[2024-07-15 11:33:41+05:30] [INFO] Authorized Reqeust : GET --> /dashboard --> undefined 
[2024-07-15 11:33:44+05:30] [INFO] Incoming Reqeust : GET --> /myProfile
[2024-07-15 11:33:44+05:30] [INFO] Authorized Reqeust : GET --> /myProfile --> undefined 
[2024-07-15 11:33:51+05:30] [INFO] Incoming Reqeust : GET --> /api/logout
[2024-07-15 11:33:51+05:30] [INFO] Incoming Reqeust : GET --> /login
[2024-07-15 11:33:51+05:30] [INFO] Unauthorized Reqeust : GET --> /login --> No Token Found 
[2024-07-15 11:33:51+05:30] [INFO] Incoming Reqeust : GET --> /js/login.js
[2024-07-15 11:33:58+05:30] [INFO] Incoming Reqeust : GET --> /login
[2024-07-15 11:33:58+05:30] [INFO] Unauthorized Reqeust : GET --> /login --> No Token Found 
[2024-07-15 11:33:58+05:30] [INFO] Incoming Reqeust : GET --> /js/login.js
[2024-07-15 11:33:58+05:30] [INFO] Incoming Reqeust : GET --> /login
[2024-07-15 11:33:58+05:30] [INFO] Unauthorized Reqeust : GET --> /login --> No Token Found 
[2024-07-15 11:33:58+05:30] [INFO] Incoming Reqeust : GET --> /js/login.js
[2024-07-15 11:33:59+05:30] [INFO] Incoming Reqeust : GET --> /login
[2024-07-15 11:33:59+05:30] [INFO] Unauthorized Reqeust : GET --> /login --> No Token Found 
[2024-07-15 11:33:59+05:30] [INFO] Incoming Reqeust : GET --> /js/login.js
[2024-07-15 11:33:59+05:30] [INFO] Incoming Reqeust : GET --> /login
[2024-07-15 11:33:59+05:30] [INFO] Unauthorized Reqeust : GET --> /login --> No Token Found 
[2024-07-15 11:33:59+05:30] [INFO] Incoming Reqeust : GET --> /js/login.js
[2024-07-15 11:34:01+05:30] [INFO] Incoming Reqeust : GET --> /
[2024-07-15 11:34:01+05:30] [INFO] Unauthorized Reqeust : GET --> / --> No Token Found 
[2024-07-15 11:34:01+05:30] [INFO] Incoming Reqeust : GET --> /dashboard
[2024-07-15 11:34:01+05:30] [INFO] Unauthorized Reqeust : GET --> /dashboard --> No Token Found 
[2024-07-15 11:34:01+05:30] [INFO] Incoming Reqeust : GET --> /login
[2024-07-15 11:34:01+05:30] [INFO] Unauthorized Reqeust : GET --> /login --> No Token Found 
[2024-07-15 11:34:01+05:30] [INFO] Incoming Reqeust : GET --> /js/login.js
[2024-07-15 11:34:02+05:30] [INFO] Incoming Reqeust : GET --> /login
[2024-07-15 11:34:02+05:30] [INFO] Unauthorized Reqeust : GET --> /login --> No Token Found 
[2024-07-15 11:34:02+05:30] [INFO] Incoming Reqeust : GET --> /js/login.js
[2024-07-15 11:34:02+05:30] [INFO] Incoming Reqeust : GET --> /about
[2024-07-15 11:34:02+05:30] [INFO] Unauthorized Reqeust : GET --> /about --> No Token Found 
[2024-07-15 11:34:11+05:30] [INFO] Incoming Reqeust : GET --> /login
[2024-07-15 11:34:11+05:30] [INFO] Unauthorized Reqeust : GET --> /login --> No Token Found 
[2024-07-15 11:34:11+05:30] [INFO] Incoming Reqeust : GET --> /js/login.js
[2024-07-15 11:34:18+05:30] [INFO] Incoming Reqeust : POST --> /api/auth
[2024-07-15 11:34:18+05:30] [INFO] Incoming Reqeust : GET --> /dashboard
[2024-07-15 11:34:18+05:30] [INFO] Authorized Reqeust : GET --> /dashboard --> undefined 
[2024-07-15 11:34:22+05:30] [INFO] Incoming Reqeust : GET --> /dashboard
[2024-07-15 11:34:22+05:30] [INFO] Authorized Reqeust : GET --> /dashboard --> undefined 
[2024-07-15 11:34:25+05:30] [INFO] Incoming Reqeust : GET --> /dashboard
[2024-07-15 11:34:25+05:30] [INFO] Authorized Reqeust : GET --> /dashboard --> undefined 
[2024-07-15 11:34:35+05:30] [INFO] Incoming Reqeust : GET --> /api/logout
[2024-07-15 11:34:35+05:30] [INFO] Incoming Reqeust : GET --> /login
[2024-07-15 11:34:35+05:30] [INFO] Unauthorized Reqeust : GET --> /login --> No Token Found 
[2024-07-15 11:34:35+05:30] [INFO] Incoming Reqeust : GET --> /js/login.js
[2024-07-15 11:34:46+05:30] [INFO] Incoming Reqeust : GET --> /dashboard
[2024-07-15 11:34:46+05:30] [INFO] Unauthorized Reqeust : GET --> /dashboard --> No Token Found 
[2024-07-15 11:34:46+05:30] [INFO] Incoming Reqeust : GET --> /login
[2024-07-15 11:34:46+05:30] [INFO] Unauthorized Reqeust : GET --> /login --> No Token Found 
[2024-07-15 11:34:46+05:30] [INFO] Incoming Reqeust : GET --> /js/login.js
[2024-07-15 11:34:49+05:30] [INFO] Incoming Reqeust : GET --> /dashboard
[2024-07-15 11:34:49+05:30] [INFO] Unauthorized Reqeust : GET --> /dashboard --> No Token Found 
[2024-07-15 11:34:49+05:30] [INFO] Incoming Reqeust : GET --> /login
[2024-07-15 11:34:49+05:30] [INFO] Unauthorized Reqeust : GET --> /login --> No Token Found 
[2024-07-15 11:34:49+05:30] [INFO] Incoming Reqeust : GET --> /js/login.js
[2024-07-15 11:35:22+05:30] [INFO] Incoming Reqeust : GET --> /
[2024-07-15 11:35:22+05:30] [INFO] Authorized Reqeust : GET --> / --> undefined 
[2024-07-15 11:35:22+05:30] [INFO] Incoming Reqeust : GET --> /dashboard
[2024-07-15 11:35:22+05:30] [INFO] Authorized Reqeust : GET --> /dashboard --> undefined 
[2024-07-15 11:35:44+05:30] [INFO] Incoming Reqeust : GET --> /api/logout
[2024-07-15 11:35:44+05:30] [INFO] Incoming Reqeust : GET --> /login
[2024-07-15 11:35:44+05:30] [INFO] Unauthorized Reqeust : GET --> /login --> No Token Found 
[2024-07-15 11:35:44+05:30] [INFO] Incoming Reqeust : GET --> /js/login.js
[2024-07-15 11:36:03+05:30] [SUCCESS] Server Started At Port 4000
[2024-07-15 11:36:03+05:30] [SUCCESS] Connected With Database Server...
[2024-07-15 11:36:26+05:30] [SUCCESS] Server Started At Port 4000
[2024-07-15 11:36:27+05:30] [SUCCESS] Connected With Database Server...
