[2024-07-17 10:40:15+05:30] [SUCCESS] Server Started At Port 4000
[2024-07-17 10:40:15+05:30] [SUCCESS] Connected With Database Server...
[2024-07-17 10:40:23+05:30] [INFO] Incoming Reqeust : GET --> /
[2024-07-17 10:40:23+05:30] [INFO] Unauthorized Reqeust : GET --> / --> No Token Found 
[2024-07-17 10:40:23+05:30] [INFO] Incoming Reqeust : GET --> /favicon.ico
[2024-07-17 10:40:23+05:30] [INFO] Unauthorized Reqeust : GET --> /favicon.ico --> No Token Found 
[2024-07-17 10:41:55+05:30] [SUCCESS] Server Started At Port 4000
[2024-07-17 10:41:55+05:30] [SUCCESS] Connected With Database Server...
[2024-07-17 10:41:55+05:30] [SUCCESS] Server Started At Port 4000
[2024-07-17 10:41:55+05:30] [SUCCESS] Connected With Database Server...
[2024-07-17 10:41:56+05:30] [SUCCESS] Server Started At Port 4000
[2024-07-17 10:41:56+05:30] [SUCCESS] Connected With Database Server...
[2024-07-17 10:41:59+05:30] [SUCCESS] Server Started At Port 4000
[2024-07-17 10:41:59+05:30] [SUCCESS] Connected With Database Server...
[2024-07-17 10:41:59+05:30] [SUCCESS] Server Started At Port 4000
[2024-07-17 10:41:59+05:30] [SUCCESS] Connected With Database Server...
[2024-07-17 10:42:01+05:30] [SUCCESS] Server Started At Port 4000
[2024-07-17 10:42:01+05:30] [SUCCESS] Connected With Database Server...
[2024-07-17 10:42:10+05:30] [SUCCESS] Server Started At Port 4000
[2024-07-17 10:42:10+05:30] [SUCCESS] Connected With Database Server...
[2024-07-17 10:42:11+05:30] [SUCCESS] Server Started At Port 4000
[2024-07-17 10:42:11+05:30] [SUCCESS] Connected With Database Server...
[2024-07-17 10:42:12+05:30] [SUCCESS] Server Started At Port 4000
[2024-07-17 10:42:12+05:30] [SUCCESS] Connected With Database Server...
[2024-07-17 10:42:13+05:30] [SUCCESS] Server Started At Port 4000
[2024-07-17 10:42:13+05:30] [SUCCESS] Connected With Database Server...
[2024-07-17 10:42:14+05:30] [SUCCESS] Server Started At Port 4000
[2024-07-17 10:42:14+05:30] [SUCCESS] Connected With Database Server...
[2024-07-17 10:42:15+05:30] [SUCCESS] Server Started At Port 4000
[2024-07-17 10:42:15+05:30] [SUCCESS] Connected With Database Server...
[2024-07-17 10:42:29+05:30] [SUCCESS] Server Started At Port 4000
[2024-07-17 10:42:29+05:30] [SUCCESS] Connected With Database Server...
[2024-07-17 10:42:38+05:30] [INFO] Incoming Reqeust : GET --> /
[2024-07-17 10:42:38+05:30] [INFO] Unauthorized Reqeust : GET --> / --> No Token Found 
[2024-07-17 10:42:44+05:30] [INFO] Incoming Reqeust : GET --> /login
[2024-07-17 10:42:44+05:30] [INFO] Unauthorized Reqeust : GET --> /login --> No Token Found 
[2024-07-17 10:42:44+05:30] [INFO] Incoming Reqeust : GET --> /js/login.js
[2024-07-17 10:42:46+05:30] [INFO] Incoming Reqeust : POST --> /api/auth
[2024-07-17 10:42:46+05:30] [INFO] Incoming Reqeust : GET --> /dashboard
[2024-07-17 10:42:46+05:30] [INFO] Authorized Reqeust : GET --> /dashboard --> undefined 
[2024-07-17 10:45:00+05:30] [SUCCESS] Server Started At Port 4000
[2024-07-17 10:45:00+05:30] [SUCCESS] Connected With Database Server...
[2024-07-17 10:45:01+05:30] [SUCCESS] Server Started At Port 4000
[2024-07-17 10:45:01+05:30] [SUCCESS] Connected With Database Server...
[2024-07-17 10:45:04+05:30] [SUCCESS] Server Started At Port 4000
[2024-07-17 10:45:04+05:30] [SUCCESS] Connected With Database Server...
[2024-07-17 10:45:20+05:30] [SUCCESS] Server Started At Port 4000
[2024-07-17 10:45:20+05:30] [SUCCESS] Connected With Database Server...
[2024-07-17 10:45:21+05:30] [SUCCESS] Server Started At Port 4000
[2024-07-17 10:45:22+05:30] [SUCCESS] Connected With Database Server...
[2024-07-17 10:46:10+05:30] [INFO] Incoming Reqeust : GET --> /dashboard
[2024-07-17 10:46:10+05:30] [INFO] Authorized Reqeust : GET --> /dashboard --> undefined 
[2024-07-17 10:46:20+05:30] [INFO] Incoming Reqeust : GET --> /dashboard
[2024-07-17 10:46:20+05:30] [INFO] Authorized Reqeust : GET --> /dashboard --> undefined 
[2024-07-17 10:46:35+05:30] [SUCCESS] Server Started At Port 4000
[2024-07-17 10:46:35+05:30] [SUCCESS] Connected With Database Server...
[2024-07-17 10:46:38+05:30] [SUCCESS] Server Started At Port 4000
[2024-07-17 10:46:38+05:30] [SUCCESS] Connected With Database Server...
[2024-07-17 10:46:42+05:30] [SUCCESS] Server Started At Port 4000
[2024-07-17 10:46:42+05:30] [SUCCESS] Connected With Database Server...
[2024-07-17 10:46:45+05:30] [INFO] Incoming Reqeust : GET --> /dashboard
[2024-07-17 10:46:45+05:30] [INFO] Authorized Reqeust : GET --> /dashboard --> undefined 
[2024-07-17 10:46:48+05:30] [INFO] Incoming Reqeust : GET --> /logout
[2024-07-17 10:46:48+05:30] [INFO] Authorized Reqeust : GET --> /logout --> undefined 
[2024-07-17 10:46:48+05:30] [INFO] Incoming Reqeust : GET --> /login
[2024-07-17 10:46:48+05:30] [INFO] Unauthorized Reqeust : GET --> /login --> No Token Found 
[2024-07-17 10:46:48+05:30] [INFO] Incoming Reqeust : GET --> /js/login.js
[2024-07-17 10:46:49+05:30] [INFO] Incoming Reqeust : POST --> /api/auth
[2024-07-17 10:46:49+05:30] [INFO] Incoming Reqeust : GET --> /dashboard
[2024-07-17 10:46:49+05:30] [INFO] Authorized Reqeust : GET --> /dashboard --> undefined 
[2024-07-17 10:47:28+05:30] [SUCCESS] Server Started At Port 4000
[2024-07-17 10:47:28+05:30] [SUCCESS] Connected With Database Server...
[2024-07-17 10:47:28+05:30] [SUCCESS] Server Started At Port 4000
[2024-07-17 10:47:28+05:30] [SUCCESS] Connected With Database Server...
[2024-07-17 10:47:58+05:30] [SUCCESS] Server Started At Port 4000
[2024-07-17 10:47:58+05:30] [SUCCESS] Connected With Database Server...
[2024-07-17 10:47:58+05:30] [SUCCESS] Server Started At Port 4000
[2024-07-17 10:47:58+05:30] [SUCCESS] Connected With Database Server...
[2024-07-17 10:48:01+05:30] [SUCCESS] Server Started At Port 4000
[2024-07-17 10:48:01+05:30] [SUCCESS] Connected With Database Server...
[2024-07-17 10:48:02+05:30] [SUCCESS] Server Started At Port 4000
[2024-07-17 10:48:02+05:30] [SUCCESS] Connected With Database Server...
[2024-07-17 10:48:03+05:30] [SUCCESS] Server Started At Port 4000
[2024-07-17 10:48:03+05:30] [SUCCESS] Connected With Database Server...
[2024-07-17 10:48:08+05:30] [SUCCESS] Server Started At Port 4000
[2024-07-17 10:48:08+05:30] [SUCCESS] Connected With Database Server...
[2024-07-17 10:48:09+05:30] [SUCCESS] Server Started At Port 4000
[2024-07-17 10:48:09+05:30] [SUCCESS] Connected With Database Server...
[2024-07-17 10:48:11+05:30] [SUCCESS] Server Started At Port 4000
[2024-07-17 10:48:11+05:30] [SUCCESS] Connected With Database Server...
[2024-07-17 10:48:14+05:30] [SUCCESS] Server Started At Port 4000
[2024-07-17 10:48:14+05:30] [SUCCESS] Connected With Database Server...
[2024-07-17 10:48:15+05:30] [SUCCESS] Server Started At Port 4000
[2024-07-17 10:48:15+05:30] [SUCCESS] Connected With Database Server...
[2024-07-17 10:48:16+05:30] [SUCCESS] Server Started At Port 4000
[2024-07-17 10:48:16+05:30] [SUCCESS] Connected With Database Server...
[2024-07-17 10:48:18+05:30] [SUCCESS] Server Started At Port 4000
[2024-07-17 10:48:18+05:30] [SUCCESS] Connected With Database Server...
[2024-07-17 10:48:22+05:30] [SUCCESS] Server Started At Port 4000
[2024-07-17 10:48:22+05:30] [SUCCESS] Connected With Database Server...
[2024-07-17 10:48:23+05:30] [SUCCESS] Server Started At Port 4000
[2024-07-17 10:48:23+05:30] [SUCCESS] Connected With Database Server...
[2024-07-17 10:48:24+05:30] [INFO] Incoming Reqeust : GET --> /dashboard
[2024-07-17 10:48:24+05:30] [INFO] Authorized Reqeust : GET --> /dashboard --> undefined 
[2024-07-17 10:48:25+05:30] [INFO] Incoming Reqeust : GET --> /js/dashboard.js
[2024-07-17 10:48:27+05:30] [INFO] Incoming Reqeust : GET --> /logout
[2024-07-17 10:48:27+05:30] [INFO] Authorized Reqeust : GET --> /logout --> undefined 
[2024-07-17 10:48:27+05:30] [INFO] Incoming Reqeust : GET --> /login
[2024-07-17 10:48:27+05:30] [INFO] Unauthorized Reqeust : GET --> /login --> No Token Found 
[2024-07-17 10:48:27+05:30] [INFO] Incoming Reqeust : GET --> /js/login.js
[2024-07-17 10:48:28+05:30] [INFO] Incoming Reqeust : POST --> /api/auth
[2024-07-17 10:48:28+05:30] [INFO] Incoming Reqeust : GET --> /dashboard
[2024-07-17 10:48:28+05:30] [INFO] Authorized Reqeust : GET --> /dashboard --> undefined 
[2024-07-17 10:48:28+05:30] [INFO] Incoming Reqeust : GET --> /js/dashboard.js
[2024-07-17 10:49:42+05:30] [SUCCESS] Server Started At Port 4000
[2024-07-17 10:49:42+05:30] [SUCCESS] Connected With Database Server...
[2024-07-17 10:50:23+05:30] [SUCCESS] Server Started At Port 4000
[2024-07-17 10:50:23+05:30] [SUCCESS] Connected With Database Server...
[2024-07-17 10:50:28+05:30] [SUCCESS] Server Started At Port 4000
[2024-07-17 10:50:28+05:30] [SUCCESS] Connected With Database Server...
[2024-07-17 10:50:31+05:30] [SUCCESS] Server Started At Port 4000
[2024-07-17 10:50:31+05:30] [SUCCESS] Connected With Database Server...
[2024-07-17 10:50:36+05:30] [SUCCESS] Server Started At Port 4000
[2024-07-17 10:50:36+05:30] [SUCCESS] Connected With Database Server...
[2024-07-17 10:50:37+05:30] [SUCCESS] Server Started At Port 4000
[2024-07-17 10:50:37+05:30] [SUCCESS] Connected With Database Server...
[2024-07-17 10:50:37+05:30] [SUCCESS] Server Started At Port 4000
[2024-07-17 10:50:38+05:30] [SUCCESS] Connected With Database Server...
[2024-07-17 10:50:38+05:30] [SUCCESS] Server Started At Port 4000
[2024-07-17 10:50:38+05:30] [SUCCESS] Connected With Database Server...
[2024-07-17 10:50:41+05:30] [SUCCESS] Server Started At Port 4000
[2024-07-17 10:50:41+05:30] [SUCCESS] Connected With Database Server...
[2024-07-17 10:50:46+05:30] [SUCCESS] Server Started At Port 4000
[2024-07-17 10:50:46+05:30] [SUCCESS] Connected With Database Server...
[2024-07-17 10:51:20+05:30] [INFO] Incoming Reqeust : GET --> /logout
[2024-07-17 10:51:20+05:30] [INFO] Authorized Reqeust : GET --> /logout --> undefined 
[2024-07-17 10:51:20+05:30] [INFO] Incoming Reqeust : GET --> /login
[2024-07-17 10:51:20+05:30] [INFO] Unauthorized Reqeust : GET --> /login --> No Token Found 
[2024-07-17 10:51:20+05:30] [INFO] Incoming Reqeust : GET --> /js/login.js
[2024-07-17 10:51:22+05:30] [INFO] Incoming Reqeust : POST --> /api/auth
[2024-07-17 10:51:22+05:30] [INFO] Incoming Reqeust : GET --> /dashboard
[2024-07-17 10:51:22+05:30] [INFO] Authorized Reqeust : GET --> /dashboard --> undefined 
[2024-07-17 10:51:23+05:30] [INFO] Incoming Reqeust : POST --> /dashboard
[2024-07-17 10:51:23+05:30] [INFO] Authorized Reqeust : POST --> /dashboard --> undefined 
[2024-07-17 10:51:23+05:30] [INFO] Incoming Reqeust : POST --> /dashboard
[2024-07-17 10:51:23+05:30] [INFO] Authorized Reqeust : POST --> /dashboard --> undefined 
[2024-07-17 10:51:23+05:30] [INFO] Incoming Reqeust : POST --> /dashboard
[2024-07-17 10:51:23+05:30] [INFO] Authorized Reqeust : POST --> /dashboard --> undefined 
[2024-07-17 10:51:24+05:30] [INFO] Incoming Reqeust : POST --> /dashboard
[2024-07-17 10:51:24+05:30] [INFO] Authorized Reqeust : POST --> /dashboard --> undefined 
[2024-07-17 10:51:24+05:30] [INFO] Incoming Reqeust : POST --> /dashboard
[2024-07-17 10:51:24+05:30] [INFO] Authorized Reqeust : POST --> /dashboard --> undefined 
[2024-07-17 10:51:24+05:30] [INFO] Incoming Reqeust : POST --> /dashboard
[2024-07-17 10:51:24+05:30] [INFO] Authorized Reqeust : POST --> /dashboard --> undefined 
[2024-07-17 10:51:25+05:30] [INFO] Incoming Reqeust : POST --> /dashboard
[2024-07-17 10:51:25+05:30] [INFO] Authorized Reqeust : POST --> /dashboard --> undefined 
[2024-07-17 10:51:25+05:30] [INFO] Incoming Reqeust : POST --> /dashboard
[2024-07-17 10:51:25+05:30] [INFO] Authorized Reqeust : POST --> /dashboard --> undefined 
[2024-07-17 10:51:25+05:30] [INFO] Incoming Reqeust : POST --> /dashboard
[2024-07-17 10:51:25+05:30] [INFO] Authorized Reqeust : POST --> /dashboard --> undefined 
[2024-07-17 10:51:25+05:30] [INFO] Incoming Reqeust : POST --> /dashboard
[2024-07-17 10:51:25+05:30] [INFO] Authorized Reqeust : POST --> /dashboard --> undefined 
[2024-07-17 10:51:25+05:30] [INFO] Incoming Reqeust : POST --> /dashboard
[2024-07-17 10:51:25+05:30] [INFO] Authorized Reqeust : POST --> /dashboard --> undefined 
[2024-07-17 10:51:25+05:30] [INFO] Incoming Reqeust : POST --> /dashboard
[2024-07-17 10:51:25+05:30] [INFO] Authorized Reqeust : POST --> /dashboard --> undefined 
[2024-07-17 10:51:25+05:30] [INFO] Incoming Reqeust : POST --> /dashboard
[2024-07-17 10:51:25+05:30] [INFO] Authorized Reqeust : POST --> /dashboard --> undefined 
[2024-07-17 10:51:27+05:30] [INFO] Incoming Reqeust : POST --> /dashboard
[2024-07-17 10:51:27+05:30] [INFO] Authorized Reqeust : POST --> /dashboard --> undefined 
[2024-07-17 10:51:27+05:30] [INFO] Incoming Reqeust : POST --> /dashboard
[2024-07-17 10:51:27+05:30] [INFO] Authorized Reqeust : POST --> /dashboard --> undefined 
[2024-07-17 10:51:27+05:30] [INFO] Incoming Reqeust : POST --> /dashboard
[2024-07-17 10:51:27+05:30] [INFO] Authorized Reqeust : POST --> /dashboard --> undefined 
[2024-07-17 10:51:27+05:30] [INFO] Incoming Reqeust : POST --> /dashboard
[2024-07-17 10:51:27+05:30] [INFO] Authorized Reqeust : POST --> /dashboard --> undefined 
[2024-07-17 10:51:28+05:30] [INFO] Incoming Reqeust : POST --> /dashboard
[2024-07-17 10:51:28+05:30] [INFO] Authorized Reqeust : POST --> /dashboard --> undefined 
[2024-07-17 10:51:28+05:30] [INFO] Incoming Reqeust : POST --> /dashboard
[2024-07-17 10:51:28+05:30] [INFO] Authorized Reqeust : POST --> /dashboard --> undefined 
[2024-07-17 10:51:28+05:30] [INFO] Incoming Reqeust : POST --> /dashboard
[2024-07-17 10:51:28+05:30] [INFO] Authorized Reqeust : POST --> /dashboard --> undefined 
[2024-07-17 10:51:28+05:30] [INFO] Incoming Reqeust : POST --> /dashboard
[2024-07-17 10:51:28+05:30] [INFO] Authorized Reqeust : POST --> /dashboard --> undefined 
[2024-07-17 10:51:28+05:30] [INFO] Incoming Reqeust : POST --> /dashboard
[2024-07-17 10:51:28+05:30] [INFO] Authorized Reqeust : POST --> /dashboard --> undefined 
[2024-07-17 10:51:28+05:30] [INFO] Incoming Reqeust : POST --> /dashboard
[2024-07-17 10:51:28+05:30] [INFO] Authorized Reqeust : POST --> /dashboard --> undefined 
[2024-07-17 10:51:29+05:30] [INFO] Incoming Reqeust : POST --> /dashboard
[2024-07-17 10:51:29+05:30] [INFO] Authorized Reqeust : POST --> /dashboard --> undefined 
[2024-07-17 10:51:29+05:30] [INFO] Incoming Reqeust : POST --> /dashboard
[2024-07-17 10:51:29+05:30] [INFO] Authorized Reqeust : POST --> /dashboard --> undefined 
[2024-07-17 10:52:14+05:30] [INFO] Incoming Reqeust : GET --> /
[2024-07-17 10:52:14+05:30] [INFO] Authorized Reqeust : GET --> / --> undefined 
[2024-07-17 10:52:14+05:30] [INFO] Incoming Reqeust : GET --> /dashboard
[2024-07-17 10:52:14+05:30] [INFO] Authorized Reqeust : GET --> /dashboard --> undefined 
[2024-07-17 10:52:14+05:30] [INFO] Incoming Reqeust : GET --> /favicon.ico
[2024-07-17 10:52:14+05:30] [INFO] Authorized Reqeust : GET --> /favicon.ico --> undefined 
[2024-07-17 10:52:45+05:30] [INFO] Incoming Reqeust : GET --> /logout
[2024-07-17 10:52:45+05:30] [INFO] Authorized Reqeust : GET --> /logout --> undefined 
[2024-07-17 10:52:45+05:30] [INFO] Incoming Reqeust : GET --> /login
[2024-07-17 10:52:45+05:30] [INFO] Unauthorized Reqeust : GET --> /login --> No Token Found 
[2024-07-17 10:52:45+05:30] [INFO] Incoming Reqeust : GET --> /js/login.js
[2024-07-17 10:52:46+05:30] [INFO] Incoming Reqeust : POST --> /api/auth
[2024-07-17 10:52:46+05:30] [INFO] Incoming Reqeust : GET --> /dashboard
[2024-07-17 10:52:46+05:30] [INFO] Authorized Reqeust : GET --> /dashboard --> undefined 
[2024-07-17 10:52:55+05:30] [INFO] Incoming Reqeust : GET --> /dashboard
[2024-07-17 10:52:55+05:30] [INFO] Authorized Reqeust : GET --> /dashboard --> undefined 
[2024-07-17 10:54:03+05:30] [SUCCESS] Server Started At Port 4000
[2024-07-17 10:54:03+05:30] [SUCCESS] Connected With Database Server...
[2024-07-17 10:54:04+05:30] [SUCCESS] Server Started At Port 4000
[2024-07-17 10:54:04+05:30] [SUCCESS] Connected With Database Server...
[2024-07-17 10:54:04+05:30] [SUCCESS] Server Started At Port 4000
[2024-07-17 10:54:04+05:30] [SUCCESS] Connected With Database Server...
[2024-07-17 10:54:09+05:30] [INFO] Incoming Reqeust : GET --> /dashboard
[2024-07-17 10:54:09+05:30] [INFO] Authorized Reqeust : GET --> /dashboard --> undefined 
[2024-07-17 10:54:11+05:30] [INFO] Incoming Reqeust : GET --> /logout
[2024-07-17 10:54:11+05:30] [INFO] Authorized Reqeust : GET --> /logout --> undefined 
[2024-07-17 10:54:11+05:30] [INFO] Incoming Reqeust : GET --> /login
[2024-07-17 10:54:11+05:30] [INFO] Unauthorized Reqeust : GET --> /login --> No Token Found 
[2024-07-17 10:54:11+05:30] [INFO] Incoming Reqeust : GET --> /js/login.js
[2024-07-17 10:54:12+05:30] [INFO] Incoming Reqeust : POST --> /api/auth
[2024-07-17 10:54:12+05:30] [INFO] Incoming Reqeust : GET --> /dashboard
[2024-07-17 10:54:12+05:30] [INFO] Authorized Reqeust : GET --> /dashboard --> undefined 
[2024-07-17 10:54:13+05:30] [INFO] Incoming Reqeust : POST --> /dashboard
[2024-07-17 10:54:13+05:30] [INFO] Authorized Reqeust : POST --> /dashboard --> undefined 
[2024-07-17 10:54:13+05:30] [INFO] Incoming Reqeust : POST --> /dashboard
[2024-07-17 10:54:13+05:30] [INFO] Authorized Reqeust : POST --> /dashboard --> undefined 
[2024-07-17 10:54:14+05:30] [INFO] Incoming Reqeust : POST --> /dashboard
[2024-07-17 10:54:14+05:30] [INFO] Authorized Reqeust : POST --> /dashboard --> undefined 
[2024-07-17 10:54:14+05:30] [INFO] Incoming Reqeust : POST --> /dashboard
[2024-07-17 10:54:14+05:30] [INFO] Authorized Reqeust : POST --> /dashboard --> undefined 
[2024-07-17 10:54:14+05:30] [INFO] Incoming Reqeust : POST --> /dashboard
[2024-07-17 10:54:14+05:30] [INFO] Authorized Reqeust : POST --> /dashboard --> undefined 
[2024-07-17 10:54:14+05:30] [INFO] Incoming Reqeust : POST --> /dashboard
[2024-07-17 10:54:14+05:30] [INFO] Authorized Reqeust : POST --> /dashboard --> undefined 
[2024-07-17 10:54:14+05:30] [INFO] Incoming Reqeust : POST --> /dashboard
[2024-07-17 10:54:14+05:30] [INFO] Authorized Reqeust : POST --> /dashboard --> undefined 
[2024-07-17 10:54:15+05:30] [INFO] Incoming Reqeust : POST --> /dashboard
[2024-07-17 10:54:15+05:30] [INFO] Authorized Reqeust : POST --> /dashboard --> undefined 
[2024-07-17 10:54:15+05:30] [INFO] Incoming Reqeust : POST --> /dashboard
[2024-07-17 10:54:15+05:30] [INFO] Authorized Reqeust : POST --> /dashboard --> undefined 
[2024-07-17 10:54:15+05:30] [INFO] Incoming Reqeust : POST --> /dashboard
[2024-07-17 10:54:15+05:30] [INFO] Authorized Reqeust : POST --> /dashboard --> undefined 
[2024-07-17 10:54:15+05:30] [INFO] Incoming Reqeust : POST --> /dashboard
[2024-07-17 10:54:15+05:30] [INFO] Authorized Reqeust : POST --> /dashboard --> undefined 
[2024-07-17 10:54:15+05:30] [INFO] Incoming Reqeust : POST --> /dashboard
[2024-07-17 10:54:15+05:30] [INFO] Authorized Reqeust : POST --> /dashboard --> undefined 
[2024-07-17 10:54:15+05:30] [INFO] Incoming Reqeust : POST --> /dashboard
[2024-07-17 10:54:15+05:30] [INFO] Authorized Reqeust : POST --> /dashboard --> undefined 
[2024-07-17 10:54:22+05:30] [INFO] Incoming Reqeust : GET --> /dashboard
[2024-07-17 10:54:22+05:30] [INFO] Authorized Reqeust : GET --> /dashboard --> undefined 
[2024-07-17 10:54:22+05:30] [INFO] Incoming Reqeust : GET --> /favicon.ico
[2024-07-17 10:54:22+05:30] [INFO] Authorized Reqeust : GET --> /favicon.ico --> undefined 
[2024-07-17 10:54:45+05:30] [INFO] Incoming Reqeust : GET --> /dashboard
[2024-07-17 10:54:45+05:30] [INFO] Authorized Reqeust : GET --> /dashboard --> undefined 
[2024-07-17 10:54:45+05:30] [INFO] Incoming Reqeust : GET --> /favicon.ico
[2024-07-17 10:54:45+05:30] [INFO] Authorized Reqeust : GET --> /favicon.ico --> undefined 
[2024-07-17 10:54:47+05:30] [INFO] Incoming Reqeust : POST --> /dashboard
[2024-07-17 10:54:47+05:30] [INFO] Authorized Reqeust : POST --> /dashboard --> undefined 
[2024-07-17 10:54:47+05:30] [INFO] Incoming Reqeust : POST --> /dashboard
[2024-07-17 10:54:47+05:30] [INFO] Authorized Reqeust : POST --> /dashboard --> undefined 
[2024-07-17 10:54:48+05:30] [INFO] Incoming Reqeust : POST --> /dashboard
[2024-07-17 10:54:48+05:30] [INFO] Authorized Reqeust : POST --> /dashboard --> undefined 
[2024-07-17 10:54:48+05:30] [INFO] Incoming Reqeust : POST --> /dashboard
[2024-07-17 10:54:48+05:30] [INFO] Authorized Reqeust : POST --> /dashboard --> undefined 
[2024-07-17 10:54:48+05:30] [INFO] Incoming Reqeust : POST --> /dashboard
[2024-07-17 10:54:48+05:30] [INFO] Authorized Reqeust : POST --> /dashboard --> undefined 
[2024-07-17 10:54:48+05:30] [INFO] Incoming Reqeust : POST --> /dashboard
[2024-07-17 10:54:48+05:30] [INFO] Authorized Reqeust : POST --> /dashboard --> undefined 
[2024-07-17 10:54:48+05:30] [INFO] Incoming Reqeust : POST --> /dashboard
[2024-07-17 10:54:48+05:30] [INFO] Authorized Reqeust : POST --> /dashboard --> undefined 
[2024-07-17 10:55:02+05:30] [SUCCESS] Server Started At Port 4000
[2024-07-17 10:55:02+05:30] [SUCCESS] Connected With Database Server...
